2025-10-28T15:01:10.412-05:00  INFO 4032 --- [Asistencia_Complete] [main] p.e.u.asistencia.AsistenciaApplication   : Starting AsistenciaApplication using Java 17.0.12 with PID 4032 (C:\Users\criss\Downloads\Asistencia_Complete_final_ready\Asistencia_Complete\target\classes started by criss in C:\Users\criss\Downloads\Asistencia_Complete_final_ready\Asistencia_Complete)
2025-10-28T15:01:10.414-05:00 DEBUG 4032 --- [Asistencia_Complete] [main] p.e.u.asistencia.AsistenciaApplication   : Running with Spring Boot v3.2.2, Spring v6.1.3
2025-10-28T15:01:10.414-05:00  INFO 4032 --- [Asistencia_Complete] [main] p.e.u.asistencia.AsistenciaApplication   : No active profile set, falling back to 1 default profile: "default"
2025-10-28T15:01:10.721-05:00  INFO 4032 --- [Asistencia_Complete] [main] .s.d.r.c.RepositoryConfigurationDelegate : Bootstrapping Spring Data JPA repositories in DEFAULT mode.
2025-10-28T15:01:10.739-05:00  INFO 4032 --- [Asistencia_Complete] [main] .s.d.r.c.RepositoryConfigurationDelegate : Finished Spring Data repository scanning in 11 ms. Found 0 JPA repository interfaces.
2025-10-28T15:01:10.966-05:00  INFO 4032 --- [Asistencia_Complete] [main] o.hibernate.jpa.internal.util.LogHelper  : HHH000204: Processing PersistenceUnitInfo [name: default]
2025-10-28T15:01:11.019-05:00  INFO 4032 --- [Asistencia_Complete] [main] org.hibernate.Version                    : HHH000412: Hibernate ORM core version 6.4.1.Final
2025-10-28T15:01:11.053-05:00  INFO 4032 --- [Asistencia_Complete] [main] o.h.c.internal.RegionFactoryInitiator    : HHH000026: Second-level cache disabled
2025-10-28T15:01:11.287-05:00  INFO 4032 --- [Asistencia_Complete] [main] o.s.o.j.p.SpringPersistenceUnitInfo      : No LoadTimeWeaver setup: ignoring JPA class transformer
2025-10-28T15:01:11.311-05:00  INFO 4032 --- [Asistencia_Complete] [main] com.zaxxer.hikari.HikariDataSource       : HikariPool-1 - Starting...
2025-10-28T15:01:12.355-05:00 ERROR 4032 --- [Asistencia_Complete] [main] com.zaxxer.hikari.pool.HikariPool        : HikariPool-1 - Exception during pool initialization.

java.sql.SQLException: path to 'data/asistencia.db': 'C:\Users\criss\Downloads\Asistencia_Complete_final_ready\Asistencia_Complete\data' does not exist
	at org.sqlite.SQLiteConnection.open(SQLiteConnection.java:260) ~[sqlite-jdbc-3.41.2.1.jar:na]
	at org.sqlite.SQLiteConnection.<init>(SQLiteConnection.java:66) ~[sqlite-jdbc-3.41.2.1.jar:na]
	at org.sqlite.jdbc3.JDBC3Connection.<init>(JDBC3Connection.java:28) ~[sqlite-jdbc-3.41.2.1.jar:na]
	at org.sqlite.jdbc4.JDBC4Connection.<init>(JDBC4Connection.java:19) ~[sqlite-jdbc-3.41.2.1.jar:na]
	at org.sqlite.JDBC.createConnection(JDBC.java:104) ~[sqlite-jdbc-3.41.2.1.jar:na]
	at org.sqlite.JDBC.connect(JDBC.java:77) ~[sqlite-jdbc-3.41.2.1.jar:na]
	at com.zaxxer.hikari.util.DriverDataSource.getConnection(DriverDataSource.java:121) ~[HikariCP-5.0.1.jar:na]
	at com.zaxxer.hikari.pool.PoolBase.newConnection(PoolBase.java:359) ~[HikariCP-5.0.1.jar:na]
	at com.zaxxer.hikari.pool.PoolBase.newPoolEntry(PoolBase.java:201) ~[HikariCP-5.0.1.jar:na]
	at com.zaxxer.hikari.pool.HikariPool.createPoolEntry(HikariPool.java:470) ~[HikariCP-5.0.1.jar:na]
	at com.zaxxer.hikari.pool.HikariPool.checkFailFast(HikariPool.java:561) ~[HikariCP-5.0.1.jar:na]
	at com.zaxxer.hikari.pool.HikariPool.<init>(HikariPool.java:100) ~[HikariCP-5.0.1.jar:na]
	at com.zaxxer.hikari.HikariDataSource.getConnection(HikariDataSource.java:112) ~[HikariCP-5.0.1.jar:na]
	at org.hibernate.engine.jdbc.connections.internal.DatasourceConnectionProviderImpl.getConnection(DatasourceConnectionProviderImpl.java:122) ~[hibernate-core-6.4.1.Final.jar:6.4.1.Final]
	at org.hibernate.engine.jdbc.env.internal.JdbcEnvironmentInitiator$ConnectionProviderJdbcConnectionAccess.obtainConnection(JdbcEnvironmentInitiator.java:428) ~[hibernate-core-6.4.1.Final.jar:6.4.1.Final]
	at org.hibernate.resource.transaction.backend.jdbc.internal.JdbcIsolationDelegate.delegateWork(JdbcIsolationDelegate.java:61) ~[hibernate-core-6.4.1.Final.jar:6.4.1.Final]
	at org.hibernate.engine.jdbc.env.internal.JdbcEnvironmentInitiator.getJdbcEnvironmentUsingJdbcMetadata(JdbcEnvironmentInitiator.java:276) ~[hibernate-core-6.4.1.Final.jar:6.4.1.Final]
	at org.hibernate.engine.jdbc.env.internal.JdbcEnvironmentInitiator.initiateService(JdbcEnvironmentInitiator.java:107) ~[hibernate-core-6.4.1.Final.jar:6.4.1.Final]
	at org.hibernate.engine.jdbc.env.internal.JdbcEnvironmentInitiator.initiateService(JdbcEnvironmentInitiator.java:68) ~[hibernate-core-6.4.1.Final.jar:6.4.1.Final]
	at org.hibernate.boot.registry.internal.StandardServiceRegistryImpl.initiateService(StandardServiceRegistryImpl.java:129) ~[hibernate-core-6.4.1.Final.jar:6.4.1.Final]
	at org.hibernate.service.internal.AbstractServiceRegistryImpl.createService(AbstractServiceRegistryImpl.java:263) ~[hibernate-core-6.4.1.Final.jar:6.4.1.Final]
	at org.hibernate.service.internal.AbstractServiceRegistryImpl.initializeService(AbstractServiceRegistryImpl.java:238) ~[hibernate-core-6.4.1.Final.jar:6.4.1.Final]
	at org.hibernate.service.internal.AbstractServiceRegistryImpl.getService(AbstractServiceRegistryImpl.java:215) ~[hibernate-core-6.4.1.Final.jar:6.4.1.Final]
	at org.hibernate.boot.model.relational.Database.<init>(Database.java:45) ~[hibernate-core-6.4.1.Final.jar:6.4.1.Final]
	at org.hibernate.boot.internal.InFlightMetadataCollectorImpl.getDatabase(InFlightMetadataCollectorImpl.java:223) ~[hibernate-core-6.4.1.Final.jar:6.4.1.Final]
	at org.hibernate.boot.internal.InFlightMetadataCollectorImpl.<init>(InFlightMetadataCollectorImpl.java:191) ~[hibernate-core-6.4.1.Final.jar:6.4.1.Final]
	at org.hibernate.boot.model.process.spi.MetadataBuildingProcess.complete(MetadataBuildingProcess.java:170) ~[hibernate-core-6.4.1.Final.jar:6.4.1.Final]
	at org.hibernate.jpa.boot.internal.EntityManagerFactoryBuilderImpl.metadata(EntityManagerFactoryBuilderImpl.java:1432) ~[hibernate-core-6.4.1.Final.jar:6.4.1.Final]
	at org.hibernate.jpa.boot.internal.EntityManagerFactoryBuilderImpl.build(EntityManagerFactoryBuilderImpl.java:1503) ~[hibernate-core-6.4.1.Final.jar:6.4.1.Final]
	at org.springframework.orm.jpa.vendor.SpringHibernateJpaPersistenceProvider.createContainerEntityManagerFactory(SpringHibernateJpaPersistenceProvider.java:75) ~[spring-orm-6.1.3.jar:6.1.3]
	at org.springframework.orm.jpa.LocalContainerEntityManagerFactoryBean.createNativeEntityManagerFactory(LocalContainerEntityManagerFactoryBean.java:376) ~[spring-orm-6.1.3.jar:6.1.3]
	at org.springframework.orm.jpa.AbstractEntityManagerFactoryBean.buildNativeEntityManagerFactory(AbstractEntityManagerFactoryBean.java:409) ~[spring-orm-6.1.3.jar:6.1.3]
	at org.springframework.orm.jpa.AbstractEntityManagerFactoryBean.afterPropertiesSet(AbstractEntityManagerFactoryBean.java:396) ~[spring-orm-6.1.3.jar:6.1.3]
	at org.springframework.orm.jpa.LocalContainerEntityManagerFactoryBean.afterPropertiesSet(LocalContainerEntityManagerFactoryBean.java:352) ~[spring-orm-6.1.3.jar:6.1.3]
	at org.springframework.beans.factory.support.AbstractAutowireCapableBeanFactory.invokeInitMethods(AbstractAutowireCapableBeanFactory.java:1820) ~[spring-beans-6.1.3.jar:6.1.3]
	at org.springframework.beans.factory.support.AbstractAutowireCapableBeanFactory.initializeBean(AbstractAutowireCapableBeanFactory.java:1769) ~[spring-beans-6.1.3.jar:6.1.3]
	at org.springframework.beans.factory.support.AbstractAutowireCapableBeanFactory.doCreateBean(AbstractAutowireCapableBeanFactory.java:599) ~[spring-beans-6.1.3.jar:6.1.3]
	at org.springframework.beans.factory.support.AbstractAutowireCapableBeanFactory.createBean(AbstractAutowireCapableBeanFactory.java:521) ~[spring-beans-6.1.3.jar:6.1.3]
	at org.springframework.beans.factory.support.AbstractBeanFactory.lambda$doGetBean$0(AbstractBeanFactory.java:325) ~[spring-beans-6.1.3.jar:6.1.3]
	at org.springframework.beans.factory.support.DefaultSingletonBeanRegistry.getSingleton(DefaultSingletonBeanRegistry.java:234) ~[spring-beans-6.1.3.jar:6.1.3]
	at org.springframework.beans.factory.support.AbstractBeanFactory.doGetBean(AbstractBeanFactory.java:323) ~[spring-beans-6.1.3.jar:6.1.3]
	at org.springframework.beans.factory.support.AbstractBeanFactory.getBean(AbstractBeanFactory.java:199) ~[spring-beans-6.1.3.jar:6.1.3]
	at org.springframework.context.support.AbstractApplicationContext.getBean(AbstractApplicationContext.java:1231) ~[spring-context-6.1.3.jar:6.1.3]
	at org.springframework.context.support.AbstractApplicationContext.finishBeanFactoryInitialization(AbstractApplicationContext.java:949) ~[spring-context-6.1.3.jar:6.1.3]
	at org.springframework.context.support.AbstractApplicationContext.refresh(AbstractApplicationContext.java:624) ~[spring-context-6.1.3.jar:6.1.3]
	at org.springframework.boot.SpringApplication.refresh(SpringApplication.java:754) ~[spring-boot-3.2.2.jar:3.2.2]
	at org.springframework.boot.SpringApplication.refreshContext(SpringApplication.java:456) ~[spring-boot-3.2.2.jar:3.2.2]
	at org.springframework.boot.SpringApplication.run(SpringApplication.java:334) ~[spring-boot-3.2.2.jar:3.2.2]
	at org.springframework.boot.builder.SpringApplicationBuilder.run(SpringApplicationBuilder.java:149) ~[spring-boot-3.2.2.jar:3.2.2]
	at pe.edu.upeu.asistencia.AsistenciaApplication.main(AsistenciaApplication.java:15) ~[classes/:na]

2025-10-28T15:01:12.361-05:00  WARN 4032 --- [Asistencia_Complete] [main] o.h.e.j.e.i.JdbcEnvironmentInitiator     : HHH000342: Could not obtain connection to query metadata

java.lang.NullPointerException: Cannot invoke "org.hibernate.engine.jdbc.spi.SqlExceptionHelper.convert(java.sql.SQLException, String)" because the return value of "org.hibernate.resource.transaction.backend.jdbc.internal.JdbcIsolationDelegate.sqlExceptionHelper()" is null
	at org.hibernate.resource.transaction.backend.jdbc.internal.JdbcIsolationDelegate.delegateWork(JdbcIsolationDelegate.java:116) ~[hibernate-core-6.4.1.Final.jar:6.4.1.Final]
	at org.hibernate.engine.jdbc.env.internal.JdbcEnvironmentInitiator.getJdbcEnvironmentUsingJdbcMetadata(JdbcEnvironmentInitiator.java:276) ~[hibernate-core-6.4.1.Final.jar:6.4.1.Final]
	at org.hibernate.engine.jdbc.env.internal.JdbcEnvironmentInitiator.initiateService(JdbcEnvironmentInitiator.java:107) ~[hibernate-core-6.4.1.Final.jar:6.4.1.Final]
	at org.hibernate.engine.jdbc.env.internal.JdbcEnvironmentInitiator.initiateService(JdbcEnvironmentInitiator.java:68) ~[hibernate-core-6.4.1.Final.jar:6.4.1.Final]
	at org.hibernate.boot.registry.internal.StandardServiceRegistryImpl.initiateService(StandardServiceRegistryImpl.java:129) ~[hibernate-core-6.4.1.Final.jar:6.4.1.Final]
	at org.hibernate.service.internal.AbstractServiceRegistryImpl.createService(AbstractServiceRegistryImpl.java:263) ~[hibernate-core-6.4.1.Final.jar:6.4.1.Final]
	at org.hibernate.service.internal.AbstractServiceRegistryImpl.initializeService(AbstractServiceRegistryImpl.java:238) ~[hibernate-core-6.4.1.Final.jar:6.4.1.Final]
	at org.hibernate.service.internal.AbstractServiceRegistryImpl.getService(AbstractServiceRegistryImpl.java:215) ~[hibernate-core-6.4.1.Final.jar:6.4.1.Final]
	at org.hibernate.boot.model.relational.Database.<init>(Database.java:45) ~[hibernate-core-6.4.1.Final.jar:6.4.1.Final]
	at org.hibernate.boot.internal.InFlightMetadataCollectorImpl.getDatabase(InFlightMetadataCollectorImpl.java:223) ~[hibernate-core-6.4.1.Final.jar:6.4.1.Final]
	at org.hibernate.boot.internal.InFlightMetadataCollectorImpl.<init>(InFlightMetadataCollectorImpl.java:191) ~[hibernate-core-6.4.1.Final.jar:6.4.1.Final]
	at org.hibernate.boot.model.process.spi.MetadataBuildingProcess.complete(MetadataBuildingProcess.java:170) ~[hibernate-core-6.4.1.Final.jar:6.4.1.Final]
	at org.hibernate.jpa.boot.internal.EntityManagerFactoryBuilderImpl.metadata(EntityManagerFactoryBuilderImpl.java:1432) ~[hibernate-core-6.4.1.Final.jar:6.4.1.Final]
	at org.hibernate.jpa.boot.internal.EntityManagerFactoryBuilderImpl.build(EntityManagerFactoryBuilderImpl.java:1503) ~[hibernate-core-6.4.1.Final.jar:6.4.1.Final]
	at org.springframework.orm.jpa.vendor.SpringHibernateJpaPersistenceProvider.createContainerEntityManagerFactory(SpringHibernateJpaPersistenceProvider.java:75) ~[spring-orm-6.1.3.jar:6.1.3]
	at org.springframework.orm.jpa.LocalContainerEntityManagerFactoryBean.createNativeEntityManagerFactory(LocalContainerEntityManagerFactoryBean.java:376) ~[spring-orm-6.1.3.jar:6.1.3]
	at org.springframework.orm.jpa.AbstractEntityManagerFactoryBean.buildNativeEntityManagerFactory(AbstractEntityManagerFactoryBean.java:409) ~[spring-orm-6.1.3.jar:6.1.3]
	at org.springframework.orm.jpa.AbstractEntityManagerFactoryBean.afterPropertiesSet(AbstractEntityManagerFactoryBean.java:396) ~[spring-orm-6.1.3.jar:6.1.3]
	at org.springframework.orm.jpa.LocalContainerEntityManagerFactoryBean.afterPropertiesSet(LocalContainerEntityManagerFactoryBean.java:352) ~[spring-orm-6.1.3.jar:6.1.3]
	at org.springframework.beans.factory.support.AbstractAutowireCapableBeanFactory.invokeInitMethods(AbstractAutowireCapableBeanFactory.java:1820) ~[spring-beans-6.1.3.jar:6.1.3]
	at org.springframework.beans.factory.support.AbstractAutowireCapableBeanFactory.initializeBean(AbstractAutowireCapableBeanFactory.java:1769) ~[spring-beans-6.1.3.jar:6.1.3]
	at org.springframework.beans.factory.support.AbstractAutowireCapableBeanFactory.doCreateBean(AbstractAutowireCapableBeanFactory.java:599) ~[spring-beans-6.1.3.jar:6.1.3]
	at org.springframework.beans.factory.support.AbstractAutowireCapableBeanFactory.createBean(AbstractAutowireCapableBeanFactory.java:521) ~[spring-beans-6.1.3.jar:6.1.3]
	at org.springframework.beans.factory.support.AbstractBeanFactory.lambda$doGetBean$0(AbstractBeanFactory.java:325) ~[spring-beans-6.1.3.jar:6.1.3]
	at org.springframework.beans.factory.support.DefaultSingletonBeanRegistry.getSingleton(DefaultSingletonBeanRegistry.java:234) ~[spring-beans-6.1.3.jar:6.1.3]
	at org.springframework.beans.factory.support.AbstractBeanFactory.doGetBean(AbstractBeanFactory.java:323) ~[spring-beans-6.1.3.jar:6.1.3]
	at org.springframework.beans.factory.support.AbstractBeanFactory.getBean(AbstractBeanFactory.java:199) ~[spring-beans-6.1.3.jar:6.1.3]
	at org.springframework.context.support.AbstractApplicationContext.getBean(AbstractApplicationContext.java:1231) ~[spring-context-6.1.3.jar:6.1.3]
	at org.springframework.context.support.AbstractApplicationContext.finishBeanFactoryInitialization(AbstractApplicationContext.java:949) ~[spring-context-6.1.3.jar:6.1.3]
	at org.springframework.context.support.AbstractApplicationContext.refresh(AbstractApplicationContext.java:624) ~[spring-context-6.1.3.jar:6.1.3]
	at org.springframework.boot.SpringApplication.refresh(SpringApplication.java:754) ~[spring-boot-3.2.2.jar:3.2.2]
	at org.springframework.boot.SpringApplication.refreshContext(SpringApplication.java:456) ~[spring-boot-3.2.2.jar:3.2.2]
	at org.springframework.boot.SpringApplication.run(SpringApplication.java:334) ~[spring-boot-3.2.2.jar:3.2.2]
	at org.springframework.boot.builder.SpringApplicationBuilder.run(SpringApplicationBuilder.java:149) ~[spring-boot-3.2.2.jar:3.2.2]
	at pe.edu.upeu.asistencia.AsistenciaApplication.main(AsistenciaApplication.java:15) ~[classes/:na]

2025-10-28T15:01:12.365-05:00 ERROR 4032 --- [Asistencia_Complete] [main] j.LocalContainerEntityManagerFactoryBean : Failed to initialize JPA EntityManagerFactory: Unable to create requested service [org.hibernate.engine.jdbc.env.spi.JdbcEnvironment] due to: Unable to resolve name [org.hibernate.community.dialect.SQLiteDialect] as strategy [org.hibernate.dialect.Dialect]
2025-10-28T15:01:12.365-05:00  WARN 4032 --- [Asistencia_Complete] [main] s.c.a.AnnotationConfigApplicationContext : Exception encountered during context initialization - cancelling refresh attempt: org.springframework.beans.factory.BeanCreationException: Error creating bean with name 'entityManagerFactory' defined in class path resource [org/springframework/boot/autoconfigure/orm/jpa/HibernateJpaConfiguration.class]: Unable to create requested service [org.hibernate.engine.jdbc.env.spi.JdbcEnvironment] due to: Unable to resolve name [org.hibernate.community.dialect.SQLiteDialect] as strategy [org.hibernate.dialect.Dialect]
2025-10-28T15:01:12.373-05:00  INFO 4032 --- [Asistencia_Complete] [main] .s.b.a.l.ConditionEvaluationReportLogger : 

Error starting ApplicationContext. To display the condition evaluation report re-run your application with 'debug' enabled.
2025-10-28T15:01:12.391-05:00 ERROR 4032 --- [Asistencia_Complete] [main] o.s.boot.SpringApplication               : Application run failed

org.springframework.beans.factory.BeanCreationException: Error creating bean with name 'entityManagerFactory' defined in class path resource [org/springframework/boot/autoconfigure/orm/jpa/HibernateJpaConfiguration.class]: Unable to create requested service [org.hibernate.engine.jdbc.env.spi.JdbcEnvironment] due to: Unable to resolve name [org.hibernate.community.dialect.SQLiteDialect] as strategy [org.hibernate.dialect.Dialect]
	at org.springframework.beans.factory.support.AbstractAutowireCapableBeanFactory.initializeBean(AbstractAutowireCapableBeanFactory.java:1773) ~[spring-beans-6.1.3.jar:6.1.3]
	at org.springframework.beans.factory.support.AbstractAutowireCapableBeanFactory.doCreateBean(AbstractAutowireCapableBeanFactory.java:599) ~[spring-beans-6.1.3.jar:6.1.3]
	at org.springframework.beans.factory.support.AbstractAutowireCapableBeanFactory.createBean(AbstractAutowireCapableBeanFactory.java:521) ~[spring-beans-6.1.3.jar:6.1.3]
	at org.springframework.beans.factory.support.AbstractBeanFactory.lambda$doGetBean$0(AbstractBeanFactory.java:325) ~[spring-beans-6.1.3.jar:6.1.3]
	at org.springframework.beans.factory.support.DefaultSingletonBeanRegistry.getSingleton(DefaultSingletonBeanRegistry.java:234) ~[spring-beans-6.1.3.jar:6.1.3]
	at org.springframework.beans.factory.support.AbstractBeanFactory.doGetBean(AbstractBeanFactory.java:323) ~[spring-beans-6.1.3.jar:6.1.3]
	at org.springframework.beans.factory.support.AbstractBeanFactory.getBean(AbstractBeanFactory.java:199) ~[spring-beans-6.1.3.jar:6.1.3]
	at org.springframework.context.support.AbstractApplicationContext.getBean(AbstractApplicationContext.java:1231) ~[spring-context-6.1.3.jar:6.1.3]
	at org.springframework.context.support.AbstractApplicationContext.finishBeanFactoryInitialization(AbstractApplicationContext.java:949) ~[spring-context-6.1.3.jar:6.1.3]
	at org.springframework.context.support.AbstractApplicationContext.refresh(AbstractApplicationContext.java:624) ~[spring-context-6.1.3.jar:6.1.3]
	at org.springframework.boot.SpringApplication.refresh(SpringApplication.java:754) ~[spring-boot-3.2.2.jar:3.2.2]
	at org.springframework.boot.SpringApplication.refreshContext(SpringApplication.java:456) ~[spring-boot-3.2.2.jar:3.2.2]
	at org.springframework.boot.SpringApplication.run(SpringApplication.java:334) ~[spring-boot-3.2.2.jar:3.2.2]
	at org.springframework.boot.builder.SpringApplicationBuilder.run(SpringApplicationBuilder.java:149) ~[spring-boot-3.2.2.jar:3.2.2]
	at pe.edu.upeu.asistencia.AsistenciaApplication.main(AsistenciaApplication.java:15) ~[classes/:na]
Caused by: org.hibernate.service.spi.ServiceException: Unable to create requested service [org.hibernate.engine.jdbc.env.spi.JdbcEnvironment] due to: Unable to resolve name [org.hibernate.community.dialect.SQLiteDialect] as strategy [org.hibernate.dialect.Dialect]
	at org.hibernate.service.internal.AbstractServiceRegistryImpl.createService(AbstractServiceRegistryImpl.java:276) ~[hibernate-core-6.4.1.Final.jar:6.4.1.Final]
	at org.hibernate.service.internal.AbstractServiceRegistryImpl.initializeService(AbstractServiceRegistryImpl.java:238) ~[hibernate-core-6.4.1.Final.jar:6.4.1.Final]
	at org.hibernate.service.internal.AbstractServiceRegistryImpl.getService(AbstractServiceRegistryImpl.java:215) ~[hibernate-core-6.4.1.Final.jar:6.4.1.Final]
	at org.hibernate.boot.model.relational.Database.<init>(Database.java:45) ~[hibernate-core-6.4.1.Final.jar:6.4.1.Final]
	at org.hibernate.boot.internal.InFlightMetadataCollectorImpl.getDatabase(InFlightMetadataCollectorImpl.java:223) ~[hibernate-core-6.4.1.Final.jar:6.4.1.Final]
	at org.hibernate.boot.internal.InFlightMetadataCollectorImpl.<init>(InFlightMetadataCollectorImpl.java:191) ~[hibernate-core-6.4.1.Final.jar:6.4.1.Final]
	at org.hibernate.boot.model.process.spi.MetadataBuildingProcess.complete(MetadataBuildingProcess.java:170) ~[hibernate-core-6.4.1.Final.jar:6.4.1.Final]
	at org.hibernate.jpa.boot.internal.EntityManagerFactoryBuilderImpl.metadata(EntityManagerFactoryBuilderImpl.java:1432) ~[hibernate-core-6.4.1.Final.jar:6.4.1.Final]
	at org.hibernate.jpa.boot.internal.EntityManagerFactoryBuilderImpl.build(EntityManagerFactoryBuilderImpl.java:1503) ~[hibernate-core-6.4.1.Final.jar:6.4.1.Final]
	at org.springframework.orm.jpa.vendor.SpringHibernateJpaPersistenceProvider.createContainerEntityManagerFactory(SpringHibernateJpaPersistenceProvider.java:75) ~[spring-orm-6.1.3.jar:6.1.3]
	at org.springframework.orm.jpa.LocalContainerEntityManagerFactoryBean.createNativeEntityManagerFactory(LocalContainerEntityManagerFactoryBean.java:376) ~[spring-orm-6.1.3.jar:6.1.3]
	at org.springframework.orm.jpa.AbstractEntityManagerFactoryBean.buildNativeEntityManagerFactory(AbstractEntityManagerFactoryBean.java:409) ~[spring-orm-6.1.3.jar:6.1.3]
	at org.springframework.orm.jpa.AbstractEntityManagerFactoryBean.afterPropertiesSet(AbstractEntityManagerFactoryBean.java:396) ~[spring-orm-6.1.3.jar:6.1.3]
	at org.springframework.orm.jpa.LocalContainerEntityManagerFactoryBean.afterPropertiesSet(LocalContainerEntityManagerFactoryBean.java:352) ~[spring-orm-6.1.3.jar:6.1.3]
	at org.springframework.beans.factory.support.AbstractAutowireCapableBeanFactory.invokeInitMethods(AbstractAutowireCapableBeanFactory.java:1820) ~[spring-beans-6.1.3.jar:6.1.3]
	at org.springframework.beans.factory.support.AbstractAutowireCapableBeanFactory.initializeBean(AbstractAutowireCapableBeanFactory.java:1769) ~[spring-beans-6.1.3.jar:6.1.3]
	... 14 common frames omitted
Caused by: org.hibernate.boot.registry.selector.spi.StrategySelectionException: Unable to resolve name [org.hibernate.community.dialect.SQLiteDialect] as strategy [org.hibernate.dialect.Dialect]
	at org.hibernate.boot.registry.selector.internal.StrategySelectorImpl.selectStrategyImplementor(StrategySelectorImpl.java:154) ~[hibernate-core-6.4.1.Final.jar:6.4.1.Final]
	at org.hibernate.boot.registry.selector.internal.StrategySelectorImpl.resolveStrategy(StrategySelectorImpl.java:236) ~[hibernate-core-6.4.1.Final.jar:6.4.1.Final]
	at org.hibernate.boot.registry.selector.internal.StrategySelectorImpl.resolveStrategy(StrategySelectorImpl.java:189) ~[hibernate-core-6.4.1.Final.jar:6.4.1.Final]
	at org.hibernate.engine.jdbc.dialect.internal.DialectFactoryImpl.constructDialect(DialectFactoryImpl.java:123) ~[hibernate-core-6.4.1.Final.jar:6.4.1.Final]
	at org.hibernate.engine.jdbc.dialect.internal.DialectFactoryImpl.buildDialect(DialectFactoryImpl.java:88) ~[hibernate-core-6.4.1.Final.jar:6.4.1.Final]
	at org.hibernate.engine.jdbc.env.internal.JdbcEnvironmentInitiator.getJdbcEnvironmentWithDefaults(JdbcEnvironmentInitiator.java:143) ~[hibernate-core-6.4.1.Final.jar:6.4.1.Final]
	at org.hibernate.engine.jdbc.env.internal.JdbcEnvironmentInitiator.getJdbcEnvironmentUsingJdbcMetadata(JdbcEnvironmentInitiator.java:348) ~[hibernate-core-6.4.1.Final.jar:6.4.1.Final]
	at org.hibernate.engine.jdbc.env.internal.JdbcEnvironmentInitiator.initiateService(JdbcEnvironmentInitiator.java:107) ~[hibernate-core-6.4.1.Final.jar:6.4.1.Final]
	at org.hibernate.engine.jdbc.env.internal.JdbcEnvironmentInitiator.initiateService(JdbcEnvironmentInitiator.java:68) ~[hibernate-core-6.4.1.Final.jar:6.4.1.Final]
	at org.hibernate.boot.registry.internal.StandardServiceRegistryImpl.initiateService(StandardServiceRegistryImpl.java:129) ~[hibernate-core-6.4.1.Final.jar:6.4.1.Final]
	at org.hibernate.service.internal.AbstractServiceRegistryImpl.createService(AbstractServiceRegistryImpl.java:263) ~[hibernate-core-6.4.1.Final.jar:6.4.1.Final]
	... 29 common frames omitted
Caused by: org.hibernate.boot.registry.classloading.spi.ClassLoadingException: Unable to load class [org.hibernate.community.dialect.SQLiteDialect]
	at org.hibernate.boot.registry.classloading.internal.ClassLoaderServiceImpl.classForName(ClassLoaderServiceImpl.java:126) ~[hibernate-core-6.4.1.Final.jar:6.4.1.Final]
	at org.hibernate.boot.registry.selector.internal.StrategySelectorImpl.selectStrategyImplementor(StrategySelectorImpl.java:150) ~[hibernate-core-6.4.1.Final.jar:6.4.1.Final]
	... 39 common frames omitted
Caused by: java.lang.ClassNotFoundException: Could not load requested class : org.hibernate.community.dialect.SQLiteDialect
	at org.hibernate.boot.registry.classloading.internal.AggregatedClassLoader.findClass(AggregatedClassLoader.java:216) ~[hibernate-core-6.4.1.Final.jar:6.4.1.Final]
	at java.base/java.lang.ClassLoader.loadClass(ClassLoader.java:592) ~[na:na]
	at java.base/java.lang.ClassLoader.loadClass(ClassLoader.java:525) ~[na:na]
	at java.base/java.lang.Class.forName0(Native Method) ~[na:na]
	at java.base/java.lang.Class.forName(Class.java:467) ~[na:na]
	at org.hibernate.boot.registry.classloading.internal.ClassLoaderServiceImpl.classForName(ClassLoaderServiceImpl.java:123) ~[hibernate-core-6.4.1.Final.jar:6.4.1.Final]
	... 40 common frames omitted
Caused by: java.lang.Throwable: null
	at org.hibernate.boot.registry.classloading.internal.AggregatedClassLoader.findClass(AggregatedClassLoader.java:209) ~[hibernate-core-6.4.1.Final.jar:6.4.1.Final]
	... 45 common frames omitted
	Suppressed: java.lang.ClassNotFoundException: org.hibernate.community.dialect.SQLiteDialect
		at java.base/jdk.internal.loader.BuiltinClassLoader.loadClass(BuiltinClassLoader.java:641) ~[na:na]
		at java.base/jdk.internal.loader.ClassLoaders$AppClassLoader.loadClass(ClassLoaders.java:188) ~[na:na]
		at java.base/java.lang.ClassLoader.loadClass(ClassLoader.java:525) ~[na:na]
		at org.hibernate.boot.registry.classloading.internal.AggregatedClassLoader.findClass(AggregatedClassLoader.java:206) ~[hibernate-core-6.4.1.Final.jar:6.4.1.Final]
		... 45 common frames omitted
	Suppressed: java.lang.ClassNotFoundException: org.hibernate.community.dialect.SQLiteDialect
		at java.base/jdk.internal.loader.BuiltinClassLoader.loadClass(BuiltinClassLoader.java:641) ~[na:na]
		at java.base/jdk.internal.loader.ClassLoaders$AppClassLoader.loadClass(ClassLoaders.java:188) ~[na:na]
		at java.base/java.lang.ClassLoader.loadClass(ClassLoader.java:525) ~[na:na]
		at org.hibernate.boot.registry.classloading.internal.AggregatedClassLoader.findClass(AggregatedClassLoader.java:206) ~[hibernate-core-6.4.1.Final.jar:6.4.1.Final]
		... 45 common frames omitted
	Suppressed: java.lang.ClassNotFoundException: org.hibernate.community.dialect.SQLiteDialect
		at java.base/jdk.internal.loader.BuiltinClassLoader.loadClass(BuiltinClassLoader.java:641) ~[na:na]
		at java.base/jdk.internal.loader.ClassLoaders$AppClassLoader.loadClass(ClassLoaders.java:188) ~[na:na]
		at java.base/java.lang.ClassLoader.loadClass(ClassLoader.java:525) ~[na:na]
		at org.hibernate.boot.registry.classloading.internal.AggregatedClassLoader.findClass(AggregatedClassLoader.java:206) ~[hibernate-core-6.4.1.Final.jar:6.4.1.Final]
		... 45 common frames omitted

2025-10-28T15:03:37.845-05:00  INFO 19836 --- [Asistencia_Complete] [main] p.e.u.asistencia.AsistenciaApplication   : Starting AsistenciaApplication using Java 17.0.12 with PID 19836 (C:\Users\criss\Downloads\Asistencia_Complete_final_ready\Asistencia_Complete\target\classes started by criss in C:\Users\criss\Downloads\Asistencia_Complete_final_ready\Asistencia_Complete)
2025-10-28T15:03:37.847-05:00 DEBUG 19836 --- [Asistencia_Complete] [main] p.e.u.asistencia.AsistenciaApplication   : Running with Spring Boot v3.2.2, Spring v6.1.3
2025-10-28T15:03:37.848-05:00  INFO 19836 --- [Asistencia_Complete] [main] p.e.u.asistencia.AsistenciaApplication   : No active profile set, falling back to 1 default profile: "default"
2025-10-28T15:03:38.173-05:00  INFO 19836 --- [Asistencia_Complete] [main] .s.d.r.c.RepositoryConfigurationDelegate : Bootstrapping Spring Data JPA repositories in DEFAULT mode.
2025-10-28T15:03:38.191-05:00  INFO 19836 --- [Asistencia_Complete] [main] .s.d.r.c.RepositoryConfigurationDelegate : Finished Spring Data repository scanning in 11 ms. Found 0 JPA repository interfaces.
2025-10-28T15:03:38.429-05:00  INFO 19836 --- [Asistencia_Complete] [main] o.hibernate.jpa.internal.util.LogHelper  : HHH000204: Processing PersistenceUnitInfo [name: default]
2025-10-28T15:03:38.475-05:00  INFO 19836 --- [Asistencia_Complete] [main] org.hibernate.Version                    : HHH000412: Hibernate ORM core version 6.4.1.Final
2025-10-28T15:03:38.502-05:00  INFO 19836 --- [Asistencia_Complete] [main] o.h.c.internal.RegionFactoryInitiator    : HHH000026: Second-level cache disabled
2025-10-28T15:03:38.715-05:00  INFO 19836 --- [Asistencia_Complete] [main] o.s.o.j.p.SpringPersistenceUnitInfo      : No LoadTimeWeaver setup: ignoring JPA class transformer
2025-10-28T15:03:38.739-05:00  INFO 19836 --- [Asistencia_Complete] [main] com.zaxxer.hikari.HikariDataSource       : HikariPool-1 - Starting...
2025-10-28T15:03:39.778-05:00 ERROR 19836 --- [Asistencia_Complete] [main] com.zaxxer.hikari.pool.HikariPool        : HikariPool-1 - Exception during pool initialization.

java.sql.SQLException: path to 'data/asistencia.db': 'C:\Users\criss\Downloads\Asistencia_Complete_final_ready\Asistencia_Complete\data' does not exist
	at org.sqlite.SQLiteConnection.open(SQLiteConnection.java:260) ~[sqlite-jdbc-3.41.2.1.jar:na]
	at org.sqlite.SQLiteConnection.<init>(SQLiteConnection.java:66) ~[sqlite-jdbc-3.41.2.1.jar:na]
	at org.sqlite.jdbc3.JDBC3Connection.<init>(JDBC3Connection.java:28) ~[sqlite-jdbc-3.41.2.1.jar:na]
	at org.sqlite.jdbc4.JDBC4Connection.<init>(JDBC4Connection.java:19) ~[sqlite-jdbc-3.41.2.1.jar:na]
	at org.sqlite.JDBC.createConnection(JDBC.java:104) ~[sqlite-jdbc-3.41.2.1.jar:na]
	at org.sqlite.JDBC.connect(JDBC.java:77) ~[sqlite-jdbc-3.41.2.1.jar:na]
	at com.zaxxer.hikari.util.DriverDataSource.getConnection(DriverDataSource.java:121) ~[HikariCP-5.0.1.jar:na]
	at com.zaxxer.hikari.pool.PoolBase.newConnection(PoolBase.java:359) ~[HikariCP-5.0.1.jar:na]
	at com.zaxxer.hikari.pool.PoolBase.newPoolEntry(PoolBase.java:201) ~[HikariCP-5.0.1.jar:na]
	at com.zaxxer.hikari.pool.HikariPool.createPoolEntry(HikariPool.java:470) ~[HikariCP-5.0.1.jar:na]
	at com.zaxxer.hikari.pool.HikariPool.checkFailFast(HikariPool.java:561) ~[HikariCP-5.0.1.jar:na]
	at com.zaxxer.hikari.pool.HikariPool.<init>(HikariPool.java:100) ~[HikariCP-5.0.1.jar:na]
	at com.zaxxer.hikari.HikariDataSource.getConnection(HikariDataSource.java:112) ~[HikariCP-5.0.1.jar:na]
	at org.hibernate.engine.jdbc.connections.internal.DatasourceConnectionProviderImpl.getConnection(DatasourceConnectionProviderImpl.java:122) ~[hibernate-core-6.4.1.Final.jar:6.4.1.Final]
	at org.hibernate.engine.jdbc.env.internal.JdbcEnvironmentInitiator$ConnectionProviderJdbcConnectionAccess.obtainConnection(JdbcEnvironmentInitiator.java:428) ~[hibernate-core-6.4.1.Final.jar:6.4.1.Final]
	at org.hibernate.resource.transaction.backend.jdbc.internal.JdbcIsolationDelegate.delegateWork(JdbcIsolationDelegate.java:61) ~[hibernate-core-6.4.1.Final.jar:6.4.1.Final]
	at org.hibernate.engine.jdbc.env.internal.JdbcEnvironmentInitiator.getJdbcEnvironmentUsingJdbcMetadata(JdbcEnvironmentInitiator.java:276) ~[hibernate-core-6.4.1.Final.jar:6.4.1.Final]
	at org.hibernate.engine.jdbc.env.internal.JdbcEnvironmentInitiator.initiateService(JdbcEnvironmentInitiator.java:107) ~[hibernate-core-6.4.1.Final.jar:6.4.1.Final]
	at org.hibernate.engine.jdbc.env.internal.JdbcEnvironmentInitiator.initiateService(JdbcEnvironmentInitiator.java:68) ~[hibernate-core-6.4.1.Final.jar:6.4.1.Final]
	at org.hibernate.boot.registry.internal.StandardServiceRegistryImpl.initiateService(StandardServiceRegistryImpl.java:129) ~[hibernate-core-6.4.1.Final.jar:6.4.1.Final]
	at org.hibernate.service.internal.AbstractServiceRegistryImpl.createService(AbstractServiceRegistryImpl.java:263) ~[hibernate-core-6.4.1.Final.jar:6.4.1.Final]
	at org.hibernate.service.internal.AbstractServiceRegistryImpl.initializeService(AbstractServiceRegistryImpl.java:238) ~[hibernate-core-6.4.1.Final.jar:6.4.1.Final]
	at org.hibernate.service.internal.AbstractServiceRegistryImpl.getService(AbstractServiceRegistryImpl.java:215) ~[hibernate-core-6.4.1.Final.jar:6.4.1.Final]
	at org.hibernate.boot.model.relational.Database.<init>(Database.java:45) ~[hibernate-core-6.4.1.Final.jar:6.4.1.Final]
	at org.hibernate.boot.internal.InFlightMetadataCollectorImpl.getDatabase(InFlightMetadataCollectorImpl.java:223) ~[hibernate-core-6.4.1.Final.jar:6.4.1.Final]
	at org.hibernate.boot.internal.InFlightMetadataCollectorImpl.<init>(InFlightMetadataCollectorImpl.java:191) ~[hibernate-core-6.4.1.Final.jar:6.4.1.Final]
	at org.hibernate.boot.model.process.spi.MetadataBuildingProcess.complete(MetadataBuildingProcess.java:170) ~[hibernate-core-6.4.1.Final.jar:6.4.1.Final]
	at org.hibernate.jpa.boot.internal.EntityManagerFactoryBuilderImpl.metadata(EntityManagerFactoryBuilderImpl.java:1432) ~[hibernate-core-6.4.1.Final.jar:6.4.1.Final]
	at org.hibernate.jpa.boot.internal.EntityManagerFactoryBuilderImpl.build(EntityManagerFactoryBuilderImpl.java:1503) ~[hibernate-core-6.4.1.Final.jar:6.4.1.Final]
	at org.springframework.orm.jpa.vendor.SpringHibernateJpaPersistenceProvider.createContainerEntityManagerFactory(SpringHibernateJpaPersistenceProvider.java:75) ~[spring-orm-6.1.3.jar:6.1.3]
	at org.springframework.orm.jpa.LocalContainerEntityManagerFactoryBean.createNativeEntityManagerFactory(LocalContainerEntityManagerFactoryBean.java:376) ~[spring-orm-6.1.3.jar:6.1.3]
	at org.springframework.orm.jpa.AbstractEntityManagerFactoryBean.buildNativeEntityManagerFactory(AbstractEntityManagerFactoryBean.java:409) ~[spring-orm-6.1.3.jar:6.1.3]
	at org.springframework.orm.jpa.AbstractEntityManagerFactoryBean.afterPropertiesSet(AbstractEntityManagerFactoryBean.java:396) ~[spring-orm-6.1.3.jar:6.1.3]
	at org.springframework.orm.jpa.LocalContainerEntityManagerFactoryBean.afterPropertiesSet(LocalContainerEntityManagerFactoryBean.java:352) ~[spring-orm-6.1.3.jar:6.1.3]
	at org.springframework.beans.factory.support.AbstractAutowireCapableBeanFactory.invokeInitMethods(AbstractAutowireCapableBeanFactory.java:1820) ~[spring-beans-6.1.3.jar:6.1.3]
	at org.springframework.beans.factory.support.AbstractAutowireCapableBeanFactory.initializeBean(AbstractAutowireCapableBeanFactory.java:1769) ~[spring-beans-6.1.3.jar:6.1.3]
	at org.springframework.beans.factory.support.AbstractAutowireCapableBeanFactory.doCreateBean(AbstractAutowireCapableBeanFactory.java:599) ~[spring-beans-6.1.3.jar:6.1.3]
	at org.springframework.beans.factory.support.AbstractAutowireCapableBeanFactory.createBean(AbstractAutowireCapableBeanFactory.java:521) ~[spring-beans-6.1.3.jar:6.1.3]
	at org.springframework.beans.factory.support.AbstractBeanFactory.lambda$doGetBean$0(AbstractBeanFactory.java:325) ~[spring-beans-6.1.3.jar:6.1.3]
	at org.springframework.beans.factory.support.DefaultSingletonBeanRegistry.getSingleton(DefaultSingletonBeanRegistry.java:234) ~[spring-beans-6.1.3.jar:6.1.3]
	at org.springframework.beans.factory.support.AbstractBeanFactory.doGetBean(AbstractBeanFactory.java:323) ~[spring-beans-6.1.3.jar:6.1.3]
	at org.springframework.beans.factory.support.AbstractBeanFactory.getBean(AbstractBeanFactory.java:199) ~[spring-beans-6.1.3.jar:6.1.3]
	at org.springframework.context.support.AbstractApplicationContext.getBean(AbstractApplicationContext.java:1231) ~[spring-context-6.1.3.jar:6.1.3]
	at org.springframework.context.support.AbstractApplicationContext.finishBeanFactoryInitialization(AbstractApplicationContext.java:949) ~[spring-context-6.1.3.jar:6.1.3]
	at org.springframework.context.support.AbstractApplicationContext.refresh(AbstractApplicationContext.java:624) ~[spring-context-6.1.3.jar:6.1.3]
	at org.springframework.boot.SpringApplication.refresh(SpringApplication.java:754) ~[spring-boot-3.2.2.jar:3.2.2]
	at org.springframework.boot.SpringApplication.refreshContext(SpringApplication.java:456) ~[spring-boot-3.2.2.jar:3.2.2]
	at org.springframework.boot.SpringApplication.run(SpringApplication.java:334) ~[spring-boot-3.2.2.jar:3.2.2]
	at org.springframework.boot.builder.SpringApplicationBuilder.run(SpringApplicationBuilder.java:149) ~[spring-boot-3.2.2.jar:3.2.2]
	at pe.edu.upeu.asistencia.AsistenciaApplication.main(AsistenciaApplication.java:15) ~[classes/:na]

2025-10-28T15:03:39.783-05:00  WARN 19836 --- [Asistencia_Complete] [main] o.h.e.j.e.i.JdbcEnvironmentInitiator     : HHH000342: Could not obtain connection to query metadata

java.lang.NullPointerException: Cannot invoke "org.hibernate.engine.jdbc.spi.SqlExceptionHelper.convert(java.sql.SQLException, String)" because the return value of "org.hibernate.resource.transaction.backend.jdbc.internal.JdbcIsolationDelegate.sqlExceptionHelper()" is null
	at org.hibernate.resource.transaction.backend.jdbc.internal.JdbcIsolationDelegate.delegateWork(JdbcIsolationDelegate.java:116) ~[hibernate-core-6.4.1.Final.jar:6.4.1.Final]
	at org.hibernate.engine.jdbc.env.internal.JdbcEnvironmentInitiator.getJdbcEnvironmentUsingJdbcMetadata(JdbcEnvironmentInitiator.java:276) ~[hibernate-core-6.4.1.Final.jar:6.4.1.Final]
	at org.hibernate.engine.jdbc.env.internal.JdbcEnvironmentInitiator.initiateService(JdbcEnvironmentInitiator.java:107) ~[hibernate-core-6.4.1.Final.jar:6.4.1.Final]
	at org.hibernate.engine.jdbc.env.internal.JdbcEnvironmentInitiator.initiateService(JdbcEnvironmentInitiator.java:68) ~[hibernate-core-6.4.1.Final.jar:6.4.1.Final]
	at org.hibernate.boot.registry.internal.StandardServiceRegistryImpl.initiateService(StandardServiceRegistryImpl.java:129) ~[hibernate-core-6.4.1.Final.jar:6.4.1.Final]
	at org.hibernate.service.internal.AbstractServiceRegistryImpl.createService(AbstractServiceRegistryImpl.java:263) ~[hibernate-core-6.4.1.Final.jar:6.4.1.Final]
	at org.hibernate.service.internal.AbstractServiceRegistryImpl.initializeService(AbstractServiceRegistryImpl.java:238) ~[hibernate-core-6.4.1.Final.jar:6.4.1.Final]
	at org.hibernate.service.internal.AbstractServiceRegistryImpl.getService(AbstractServiceRegistryImpl.java:215) ~[hibernate-core-6.4.1.Final.jar:6.4.1.Final]
	at org.hibernate.boot.model.relational.Database.<init>(Database.java:45) ~[hibernate-core-6.4.1.Final.jar:6.4.1.Final]
	at org.hibernate.boot.internal.InFlightMetadataCollectorImpl.getDatabase(InFlightMetadataCollectorImpl.java:223) ~[hibernate-core-6.4.1.Final.jar:6.4.1.Final]
	at org.hibernate.boot.internal.InFlightMetadataCollectorImpl.<init>(InFlightMetadataCollectorImpl.java:191) ~[hibernate-core-6.4.1.Final.jar:6.4.1.Final]
	at org.hibernate.boot.model.process.spi.MetadataBuildingProcess.complete(MetadataBuildingProcess.java:170) ~[hibernate-core-6.4.1.Final.jar:6.4.1.Final]
	at org.hibernate.jpa.boot.internal.EntityManagerFactoryBuilderImpl.metadata(EntityManagerFactoryBuilderImpl.java:1432) ~[hibernate-core-6.4.1.Final.jar:6.4.1.Final]
	at org.hibernate.jpa.boot.internal.EntityManagerFactoryBuilderImpl.build(EntityManagerFactoryBuilderImpl.java:1503) ~[hibernate-core-6.4.1.Final.jar:6.4.1.Final]
	at org.springframework.orm.jpa.vendor.SpringHibernateJpaPersistenceProvider.createContainerEntityManagerFactory(SpringHibernateJpaPersistenceProvider.java:75) ~[spring-orm-6.1.3.jar:6.1.3]
	at org.springframework.orm.jpa.LocalContainerEntityManagerFactoryBean.createNativeEntityManagerFactory(LocalContainerEntityManagerFactoryBean.java:376) ~[spring-orm-6.1.3.jar:6.1.3]
	at org.springframework.orm.jpa.AbstractEntityManagerFactoryBean.buildNativeEntityManagerFactory(AbstractEntityManagerFactoryBean.java:409) ~[spring-orm-6.1.3.jar:6.1.3]
	at org.springframework.orm.jpa.AbstractEntityManagerFactoryBean.afterPropertiesSet(AbstractEntityManagerFactoryBean.java:396) ~[spring-orm-6.1.3.jar:6.1.3]
	at org.springframework.orm.jpa.LocalContainerEntityManagerFactoryBean.afterPropertiesSet(LocalContainerEntityManagerFactoryBean.java:352) ~[spring-orm-6.1.3.jar:6.1.3]
	at org.springframework.beans.factory.support.AbstractAutowireCapableBeanFactory.invokeInitMethods(AbstractAutowireCapableBeanFactory.java:1820) ~[spring-beans-6.1.3.jar:6.1.3]
	at org.springframework.beans.factory.support.AbstractAutowireCapableBeanFactory.initializeBean(AbstractAutowireCapableBeanFactory.java:1769) ~[spring-beans-6.1.3.jar:6.1.3]
	at org.springframework.beans.factory.support.AbstractAutowireCapableBeanFactory.doCreateBean(AbstractAutowireCapableBeanFactory.java:599) ~[spring-beans-6.1.3.jar:6.1.3]
	at org.springframework.beans.factory.support.AbstractAutowireCapableBeanFactory.createBean(AbstractAutowireCapableBeanFactory.java:521) ~[spring-beans-6.1.3.jar:6.1.3]
	at org.springframework.beans.factory.support.AbstractBeanFactory.lambda$doGetBean$0(AbstractBeanFactory.java:325) ~[spring-beans-6.1.3.jar:6.1.3]
	at org.springframework.beans.factory.support.DefaultSingletonBeanRegistry.getSingleton(DefaultSingletonBeanRegistry.java:234) ~[spring-beans-6.1.3.jar:6.1.3]
	at org.springframework.beans.factory.support.AbstractBeanFactory.doGetBean(AbstractBeanFactory.java:323) ~[spring-beans-6.1.3.jar:6.1.3]
	at org.springframework.beans.factory.support.AbstractBeanFactory.getBean(AbstractBeanFactory.java:199) ~[spring-beans-6.1.3.jar:6.1.3]
	at org.springframework.context.support.AbstractApplicationContext.getBean(AbstractApplicationContext.java:1231) ~[spring-context-6.1.3.jar:6.1.3]
	at org.springframework.context.support.AbstractApplicationContext.finishBeanFactoryInitialization(AbstractApplicationContext.java:949) ~[spring-context-6.1.3.jar:6.1.3]
	at org.springframework.context.support.AbstractApplicationContext.refresh(AbstractApplicationContext.java:624) ~[spring-context-6.1.3.jar:6.1.3]
	at org.springframework.boot.SpringApplication.refresh(SpringApplication.java:754) ~[spring-boot-3.2.2.jar:3.2.2]
	at org.springframework.boot.SpringApplication.refreshContext(SpringApplication.java:456) ~[spring-boot-3.2.2.jar:3.2.2]
	at org.springframework.boot.SpringApplication.run(SpringApplication.java:334) ~[spring-boot-3.2.2.jar:3.2.2]
	at org.springframework.boot.builder.SpringApplicationBuilder.run(SpringApplicationBuilder.java:149) ~[spring-boot-3.2.2.jar:3.2.2]
	at pe.edu.upeu.asistencia.AsistenciaApplication.main(AsistenciaApplication.java:15) ~[classes/:na]

2025-10-28T15:03:40.051-05:00  INFO 19836 --- [Asistencia_Complete] [main] o.h.e.t.j.p.i.JtaPlatformInitiator       : HHH000489: No JTA platform available (set 'hibernate.transaction.jta.platform' to enable JTA platform integration)
2025-10-28T15:03:40.056-05:00  INFO 19836 --- [Asistencia_Complete] [main] j.LocalContainerEntityManagerFactoryBean : Initialized JPA EntityManagerFactory for persistence unit 'default'
2025-10-28T15:03:40.178-05:00  INFO 19836 --- [Asistencia_Complete] [main] p.e.u.asistencia.AsistenciaApplication   : Started AsistenciaApplication in 2.663 seconds (process running for 2.936)
2025-10-28T15:03:40.194-05:00  WARN 19836 --- [Asistencia_Complete] [JavaFX-Launcher] javafx                                   : Unsupported JavaFX configuration: classes were loaded from 'unnamed module @b9afc07'
2025-10-28T15:06:01.293-05:00  INFO 19836 --- [Asistencia_Complete] [SpringApplicationShutdownHook] j.LocalContainerEntityManagerFactoryBean : Closing JPA EntityManagerFactory for persistence unit 'default'
2025-10-28T15:56:35.542-05:00  INFO 11136 --- [Asistencia_Complete] [main] p.e.u.asistencia.AsistenciaApplication   : Starting AsistenciaApplication using Java 17.0.12 with PID 11136 (C:\Users\criss\Downloads\Asistencia_Complete_final_ready_commented\Asistencia_Complete_final_ready\Asistencia_Complete\target\classes started by criss in C:\Users\criss\Downloads\Asistencia_Complete_final_ready_commented\Asistencia_Complete_final_ready\Asistencia_Complete)
2025-10-28T15:56:35.552-05:00 DEBUG 11136 --- [Asistencia_Complete] [main] p.e.u.asistencia.AsistenciaApplication   : Running with Spring Boot v3.2.2, Spring v6.1.3
2025-10-28T15:56:35.553-05:00  INFO 11136 --- [Asistencia_Complete] [main] p.e.u.asistencia.AsistenciaApplication   : No active profile set, falling back to 1 default profile: "default"
2025-10-28T15:56:35.857-05:00  INFO 11136 --- [Asistencia_Complete] [main] .s.d.r.c.RepositoryConfigurationDelegate : Bootstrapping Spring Data JPA repositories in DEFAULT mode.
2025-10-28T15:56:35.874-05:00  INFO 11136 --- [Asistencia_Complete] [main] .s.d.r.c.RepositoryConfigurationDelegate : Finished Spring Data repository scanning in 13 ms. Found 0 JPA repository interfaces.
2025-10-28T15:56:36.121-05:00  INFO 11136 --- [Asistencia_Complete] [main] o.hibernate.jpa.internal.util.LogHelper  : HHH000204: Processing PersistenceUnitInfo [name: default]
2025-10-28T15:56:36.164-05:00  INFO 11136 --- [Asistencia_Complete] [main] org.hibernate.Version                    : HHH000412: Hibernate ORM core version 6.4.1.Final
2025-10-28T15:56:36.190-05:00  INFO 11136 --- [Asistencia_Complete] [main] o.h.c.internal.RegionFactoryInitiator    : HHH000026: Second-level cache disabled
2025-10-28T15:56:36.410-05:00  INFO 11136 --- [Asistencia_Complete] [main] o.s.o.j.p.SpringPersistenceUnitInfo      : No LoadTimeWeaver setup: ignoring JPA class transformer
2025-10-28T15:56:36.435-05:00  INFO 11136 --- [Asistencia_Complete] [main] com.zaxxer.hikari.HikariDataSource       : HikariPool-1 - Starting...
2025-10-28T15:56:36.512-05:00  INFO 11136 --- [Asistencia_Complete] [main] com.zaxxer.hikari.pool.HikariPool        : HikariPool-1 - Added connection org.sqlite.jdbc4.JDBC4Connection@3a90c13c
2025-10-28T15:56:36.514-05:00  INFO 11136 --- [Asistencia_Complete] [main] com.zaxxer.hikari.HikariDataSource       : HikariPool-1 - Start completed.
2025-10-28T15:56:36.743-05:00  INFO 11136 --- [Asistencia_Complete] [main] o.h.e.t.j.p.i.JtaPlatformInitiator       : HHH000489: No JTA platform available (set 'hibernate.transaction.jta.platform' to enable JTA platform integration)
2025-10-28T15:56:36.748-05:00  INFO 11136 --- [Asistencia_Complete] [main] j.LocalContainerEntityManagerFactoryBean : Initialized JPA EntityManagerFactory for persistence unit 'default'
2025-10-28T15:56:36.755-05:00  WARN 11136 --- [Asistencia_Complete] [main] s.c.a.AnnotationConfigApplicationContext : Exception encountered during context initialization - cancelling refresh attempt: org.springframework.beans.factory.UnsatisfiedDependencyException: Error creating bean with name 'init' defined in pe.edu.upeu.asistencia.AsistenciaApplication: Unsatisfied dependency expressed through method 'init' parameter 0: No qualifying bean of type 'pe.edu.upeu.asistencia.repositorio.UsuarioRepository' available: expected at least 1 bean which qualifies as autowire candidate. Dependency annotations: {}
2025-10-28T15:56:36.756-05:00  INFO 11136 --- [Asistencia_Complete] [main] j.LocalContainerEntityManagerFactoryBean : Closing JPA EntityManagerFactory for persistence unit 'default'
2025-10-28T15:56:36.758-05:00  INFO 11136 --- [Asistencia_Complete] [main] com.zaxxer.hikari.HikariDataSource       : HikariPool-1 - Shutdown initiated...
2025-10-28T15:56:36.769-05:00  INFO 11136 --- [Asistencia_Complete] [main] com.zaxxer.hikari.HikariDataSource       : HikariPool-1 - Shutdown completed.
2025-10-28T15:56:36.774-05:00  INFO 11136 --- [Asistencia_Complete] [main] .s.b.a.l.ConditionEvaluationReportLogger : 

Error starting ApplicationContext. To display the condition evaluation report re-run your application with 'debug' enabled.
2025-10-28T15:56:36.796-05:00 ERROR 11136 --- [Asistencia_Complete] [main] o.s.b.d.LoggingFailureAnalysisReporter   : 

***************************
APPLICATION FAILED TO START
***************************

Description:

Parameter 0 of method init in pe.edu.upeu.asistencia.AsistenciaApplication required a bean of type 'pe.edu.upeu.asistencia.repositorio.UsuarioRepository' that could not be found.


Action:

Consider defining a bean of type 'pe.edu.upeu.asistencia.repositorio.UsuarioRepository' in your configuration.

2025-10-28T16:05:04.269-05:00  INFO 21632 --- [Asistencia_Complete] [main] p.e.u.asistencia.AsistenciaApplication   : Starting AsistenciaApplication using Java 17.0.12 with PID 21632 (C:\Users\criss\Downloads\Asistencia_Complete_final_ready_commented\Asistencia_Complete_final_ready\Asistencia_Complete\target\classes started by criss in C:\Users\criss\Downloads\Asistencia_Complete_final_ready_commented\Asistencia_Complete_final_ready\Asistencia_Complete)
2025-10-28T16:05:04.270-05:00 DEBUG 21632 --- [Asistencia_Complete] [main] p.e.u.asistencia.AsistenciaApplication   : Running with Spring Boot v3.2.2, Spring v6.1.3
2025-10-28T16:05:04.271-05:00  INFO 21632 --- [Asistencia_Complete] [main] p.e.u.asistencia.AsistenciaApplication   : No active profile set, falling back to 1 default profile: "default"
2025-10-28T16:05:04.572-05:00  INFO 21632 --- [Asistencia_Complete] [main] .s.d.r.c.RepositoryConfigurationDelegate : Bootstrapping Spring Data JPA repositories in DEFAULT mode.
2025-10-28T16:05:04.589-05:00  INFO 21632 --- [Asistencia_Complete] [main] .s.d.r.c.RepositoryConfigurationDelegate : Finished Spring Data repository scanning in 11 ms. Found 0 JPA repository interfaces.
2025-10-28T16:05:04.832-05:00  INFO 21632 --- [Asistencia_Complete] [main] o.hibernate.jpa.internal.util.LogHelper  : HHH000204: Processing PersistenceUnitInfo [name: default]
2025-10-28T16:05:04.877-05:00  INFO 21632 --- [Asistencia_Complete] [main] org.hibernate.Version                    : HHH000412: Hibernate ORM core version 6.4.1.Final
2025-10-28T16:05:04.904-05:00  INFO 21632 --- [Asistencia_Complete] [main] o.h.c.internal.RegionFactoryInitiator    : HHH000026: Second-level cache disabled
2025-10-28T16:05:05.132-05:00  INFO 21632 --- [Asistencia_Complete] [main] o.s.o.j.p.SpringPersistenceUnitInfo      : No LoadTimeWeaver setup: ignoring JPA class transformer
2025-10-28T16:05:05.156-05:00  INFO 21632 --- [Asistencia_Complete] [main] com.zaxxer.hikari.HikariDataSource       : HikariPool-1 - Starting...
2025-10-28T16:05:05.238-05:00  INFO 21632 --- [Asistencia_Complete] [main] com.zaxxer.hikari.pool.HikariPool        : HikariPool-1 - Added connection org.sqlite.jdbc4.JDBC4Connection@5befbac1
2025-10-28T16:05:05.240-05:00  INFO 21632 --- [Asistencia_Complete] [main] com.zaxxer.hikari.HikariDataSource       : HikariPool-1 - Start completed.
2025-10-28T16:05:05.471-05:00  INFO 21632 --- [Asistencia_Complete] [main] o.h.e.t.j.p.i.JtaPlatformInitiator       : HHH000489: No JTA platform available (set 'hibernate.transaction.jta.platform' to enable JTA platform integration)
2025-10-28T16:05:05.477-05:00  INFO 21632 --- [Asistencia_Complete] [main] j.LocalContainerEntityManagerFactoryBean : Initialized JPA EntityManagerFactory for persistence unit 'default'
2025-10-28T16:05:05.614-05:00  INFO 21632 --- [Asistencia_Complete] [main] p.e.u.asistencia.AsistenciaApplication   : Started AsistenciaApplication in 1.65 seconds (process running for 1.937)
2025-10-28T16:05:05.623-05:00  INFO 21632 --- [Asistencia_Complete] [SpringApplicationShutdownHook] j.LocalContainerEntityManagerFactoryBean : Closing JPA EntityManagerFactory for persistence unit 'default'
2025-10-28T16:05:05.625-05:00  INFO 21632 --- [Asistencia_Complete] [SpringApplicationShutdownHook] com.zaxxer.hikari.HikariDataSource       : HikariPool-1 - Shutdown initiated...
2025-10-28T16:05:05.628-05:00  INFO 21632 --- [Asistencia_Complete] [SpringApplicationShutdownHook] com.zaxxer.hikari.HikariDataSource       : HikariPool-1 - Shutdown completed.
2025-10-28T16:05:36.464-05:00  INFO 24812 --- [Asistencia_Complete] [main] p.e.u.asistencia.AsistenciaApplication   : Starting AsistenciaApplication using Java 17.0.12 with PID 24812 (C:\Users\criss\Downloads\Asistencia_Complete_final_ready_commented\Asistencia_Complete_final_ready\Asistencia_Complete\target\classes started by criss in C:\Users\criss\Downloads\Asistencia_Complete_final_ready_commented\Asistencia_Complete_final_ready\Asistencia_Complete)
2025-10-28T16:05:36.465-05:00 DEBUG 24812 --- [Asistencia_Complete] [main] p.e.u.asistencia.AsistenciaApplication   : Running with Spring Boot v3.2.2, Spring v6.1.3
2025-10-28T16:05:36.466-05:00  INFO 24812 --- [Asistencia_Complete] [main] p.e.u.asistencia.AsistenciaApplication   : No active profile set, falling back to 1 default profile: "default"
2025-10-28T16:05:36.767-05:00  INFO 24812 --- [Asistencia_Complete] [main] .s.d.r.c.RepositoryConfigurationDelegate : Bootstrapping Spring Data JPA repositories in DEFAULT mode.
2025-10-28T16:05:36.784-05:00  INFO 24812 --- [Asistencia_Complete] [main] .s.d.r.c.RepositoryConfigurationDelegate : Finished Spring Data repository scanning in 11 ms. Found 0 JPA repository interfaces.
2025-10-28T16:05:37.018-05:00  INFO 24812 --- [Asistencia_Complete] [main] o.hibernate.jpa.internal.util.LogHelper  : HHH000204: Processing PersistenceUnitInfo [name: default]
2025-10-28T16:05:37.064-05:00  INFO 24812 --- [Asistencia_Complete] [main] org.hibernate.Version                    : HHH000412: Hibernate ORM core version 6.4.1.Final
2025-10-28T16:05:37.094-05:00  INFO 24812 --- [Asistencia_Complete] [main] o.h.c.internal.RegionFactoryInitiator    : HHH000026: Second-level cache disabled
2025-10-28T16:05:37.312-05:00  INFO 24812 --- [Asistencia_Complete] [main] o.s.o.j.p.SpringPersistenceUnitInfo      : No LoadTimeWeaver setup: ignoring JPA class transformer
2025-10-28T16:05:37.336-05:00  INFO 24812 --- [Asistencia_Complete] [main] com.zaxxer.hikari.HikariDataSource       : HikariPool-1 - Starting...
2025-10-28T16:05:37.414-05:00  INFO 24812 --- [Asistencia_Complete] [main] com.zaxxer.hikari.pool.HikariPool        : HikariPool-1 - Added connection org.sqlite.jdbc4.JDBC4Connection@6badba10
2025-10-28T16:05:37.416-05:00  INFO 24812 --- [Asistencia_Complete] [main] com.zaxxer.hikari.HikariDataSource       : HikariPool-1 - Start completed.
2025-10-28T16:05:37.650-05:00  INFO 24812 --- [Asistencia_Complete] [main] o.h.e.t.j.p.i.JtaPlatformInitiator       : HHH000489: No JTA platform available (set 'hibernate.transaction.jta.platform' to enable JTA platform integration)
2025-10-28T16:05:37.655-05:00  INFO 24812 --- [Asistencia_Complete] [main] j.LocalContainerEntityManagerFactoryBean : Initialized JPA EntityManagerFactory for persistence unit 'default'
2025-10-28T16:05:37.784-05:00  INFO 24812 --- [Asistencia_Complete] [main] p.e.u.asistencia.AsistenciaApplication   : Started AsistenciaApplication in 1.626 seconds (process running for 1.937)
2025-10-28T16:05:37.791-05:00  INFO 24812 --- [Asistencia_Complete] [SpringApplicationShutdownHook] j.LocalContainerEntityManagerFactoryBean : Closing JPA EntityManagerFactory for persistence unit 'default'
2025-10-28T16:05:37.793-05:00  INFO 24812 --- [Asistencia_Complete] [SpringApplicationShutdownHook] com.zaxxer.hikari.HikariDataSource       : HikariPool-1 - Shutdown initiated...
2025-10-28T16:05:37.795-05:00  INFO 24812 --- [Asistencia_Complete] [SpringApplicationShutdownHook] com.zaxxer.hikari.HikariDataSource       : HikariPool-1 - Shutdown completed.
2025-10-28T16:06:16.904-05:00  INFO 26160 --- [Asistencia_Complete] [main] p.e.u.asistencia.AsistenciaApplication   : Starting AsistenciaApplication using Java 17.0.12 with PID 26160 (C:\Users\criss\Downloads\Asistencia_Complete_final_ready_commented\Asistencia_Complete_final_ready\Asistencia_Complete\target\classes started by criss in C:\Users\criss\Downloads\Asistencia_Complete_final_ready_commented\Asistencia_Complete_final_ready\Asistencia_Complete)
2025-10-28T16:06:16.905-05:00 DEBUG 26160 --- [Asistencia_Complete] [main] p.e.u.asistencia.AsistenciaApplication   : Running with Spring Boot v3.2.2, Spring v6.1.3
2025-10-28T16:06:16.906-05:00  INFO 26160 --- [Asistencia_Complete] [main] p.e.u.asistencia.AsistenciaApplication   : No active profile set, falling back to 1 default profile: "default"
2025-10-28T16:06:17.384-05:00  INFO 26160 --- [Asistencia_Complete] [main] .s.d.r.c.RepositoryConfigurationDelegate : Bootstrapping Spring Data JPA repositories in DEFAULT mode.
2025-10-28T16:06:17.409-05:00  INFO 26160 --- [Asistencia_Complete] [main] .s.d.r.c.RepositoryConfigurationDelegate : Finished Spring Data repository scanning in 19 ms. Found 0 JPA repository interfaces.
2025-10-28T16:06:17.847-05:00  INFO 26160 --- [Asistencia_Complete] [main] o.hibernate.jpa.internal.util.LogHelper  : HHH000204: Processing PersistenceUnitInfo [name: default]
2025-10-28T16:06:17.913-05:00  INFO 26160 --- [Asistencia_Complete] [main] org.hibernate.Version                    : HHH000412: Hibernate ORM core version 6.4.1.Final
2025-10-28T16:06:17.950-05:00  INFO 26160 --- [Asistencia_Complete] [main] o.h.c.internal.RegionFactoryInitiator    : HHH000026: Second-level cache disabled
2025-10-28T16:06:18.255-05:00  INFO 26160 --- [Asistencia_Complete] [main] o.s.o.j.p.SpringPersistenceUnitInfo      : No LoadTimeWeaver setup: ignoring JPA class transformer
2025-10-28T16:06:18.286-05:00  INFO 26160 --- [Asistencia_Complete] [main] com.zaxxer.hikari.HikariDataSource       : HikariPool-1 - Starting...
2025-10-28T16:06:18.372-05:00  INFO 26160 --- [Asistencia_Complete] [main] com.zaxxer.hikari.pool.HikariPool        : HikariPool-1 - Added connection org.sqlite.jdbc4.JDBC4Connection@2f14b0f6
2025-10-28T16:06:18.374-05:00  INFO 26160 --- [Asistencia_Complete] [main] com.zaxxer.hikari.HikariDataSource       : HikariPool-1 - Start completed.
2025-10-28T16:06:18.650-05:00  INFO 26160 --- [Asistencia_Complete] [main] o.h.e.t.j.p.i.JtaPlatformInitiator       : HHH000489: No JTA platform available (set 'hibernate.transaction.jta.platform' to enable JTA platform integration)
2025-10-28T16:06:18.654-05:00  INFO 26160 --- [Asistencia_Complete] [main] j.LocalContainerEntityManagerFactoryBean : Initialized JPA EntityManagerFactory for persistence unit 'default'
2025-10-28T16:06:18.852-05:00  INFO 26160 --- [Asistencia_Complete] [main] p.e.u.asistencia.AsistenciaApplication   : Started AsistenciaApplication in 2.309 seconds (process running for 2.701)
2025-10-28T16:06:18.871-05:00  INFO 26160 --- [Asistencia_Complete] [SpringApplicationShutdownHook] j.LocalContainerEntityManagerFactoryBean : Closing JPA EntityManagerFactory for persistence unit 'default'
2025-10-28T16:06:18.876-05:00  INFO 26160 --- [Asistencia_Complete] [SpringApplicationShutdownHook] com.zaxxer.hikari.HikariDataSource       : HikariPool-1 - Shutdown initiated...
2025-10-28T16:06:18.879-05:00  INFO 26160 --- [Asistencia_Complete] [SpringApplicationShutdownHook] com.zaxxer.hikari.HikariDataSource       : HikariPool-1 - Shutdown completed.
2025-10-28T16:08:24.843-05:00  INFO 8704 --- [Asistencia_Complete] [main] p.e.u.asistencia.AsistenciaApplication   : Starting AsistenciaApplication using Java 17.0.12 with PID 8704 (C:\Users\criss\Downloads\Asistencia_Complete_final_ready_commented\Asistencia_Complete_final_ready\Asistencia_Complete\target\classes started by criss in C:\Users\criss\Downloads\Asistencia_Complete_final_ready_commented\Asistencia_Complete_final_ready\Asistencia_Complete)
2025-10-28T16:08:24.844-05:00 DEBUG 8704 --- [Asistencia_Complete] [main] p.e.u.asistencia.AsistenciaApplication   : Running with Spring Boot v3.2.2, Spring v6.1.3
2025-10-28T16:08:24.846-05:00  INFO 8704 --- [Asistencia_Complete] [main] p.e.u.asistencia.AsistenciaApplication   : No active profile set, falling back to 1 default profile: "default"
2025-10-28T16:08:25.302-05:00  INFO 8704 --- [Asistencia_Complete] [main] .s.d.r.c.RepositoryConfigurationDelegate : Bootstrapping Spring Data JPA repositories in DEFAULT mode.
2025-10-28T16:08:25.326-05:00  INFO 8704 --- [Asistencia_Complete] [main] .s.d.r.c.RepositoryConfigurationDelegate : Finished Spring Data repository scanning in 16 ms. Found 0 JPA repository interfaces.
2025-10-28T16:08:25.722-05:00  INFO 8704 --- [Asistencia_Complete] [main] o.hibernate.jpa.internal.util.LogHelper  : HHH000204: Processing PersistenceUnitInfo [name: default]
2025-10-28T16:08:25.785-05:00  INFO 8704 --- [Asistencia_Complete] [main] org.hibernate.Version                    : HHH000412: Hibernate ORM core version 6.4.1.Final
2025-10-28T16:08:25.825-05:00  INFO 8704 --- [Asistencia_Complete] [main] o.h.c.internal.RegionFactoryInitiator    : HHH000026: Second-level cache disabled
2025-10-28T16:08:26.112-05:00  INFO 8704 --- [Asistencia_Complete] [main] o.s.o.j.p.SpringPersistenceUnitInfo      : No LoadTimeWeaver setup: ignoring JPA class transformer
2025-10-28T16:08:26.145-05:00  INFO 8704 --- [Asistencia_Complete] [main] com.zaxxer.hikari.HikariDataSource       : HikariPool-1 - Starting...
2025-10-28T16:08:26.230-05:00  INFO 8704 --- [Asistencia_Complete] [main] com.zaxxer.hikari.pool.HikariPool        : HikariPool-1 - Added connection org.sqlite.jdbc4.JDBC4Connection@708eb310
2025-10-28T16:08:26.234-05:00  INFO 8704 --- [Asistencia_Complete] [main] com.zaxxer.hikari.HikariDataSource       : HikariPool-1 - Start completed.
2025-10-28T16:08:26.502-05:00  INFO 8704 --- [Asistencia_Complete] [main] o.h.e.t.j.p.i.JtaPlatformInitiator       : HHH000489: No JTA platform available (set 'hibernate.transaction.jta.platform' to enable JTA platform integration)
2025-10-28T16:08:26.507-05:00  INFO 8704 --- [Asistencia_Complete] [main] j.LocalContainerEntityManagerFactoryBean : Initialized JPA EntityManagerFactory for persistence unit 'default'
2025-10-28T16:08:26.690-05:00  INFO 8704 --- [Asistencia_Complete] [main] p.e.u.asistencia.AsistenciaApplication   : Started AsistenciaApplication in 2.216 seconds (process running for 2.678)
2025-10-28T16:08:26.709-05:00  INFO 8704 --- [Asistencia_Complete] [SpringApplicationShutdownHook] j.LocalContainerEntityManagerFactoryBean : Closing JPA EntityManagerFactory for persistence unit 'default'
2025-10-28T16:08:26.714-05:00  INFO 8704 --- [Asistencia_Complete] [SpringApplicationShutdownHook] com.zaxxer.hikari.HikariDataSource       : HikariPool-1 - Shutdown initiated...
2025-10-28T16:08:26.718-05:00  INFO 8704 --- [Asistencia_Complete] [SpringApplicationShutdownHook] com.zaxxer.hikari.HikariDataSource       : HikariPool-1 - Shutdown completed.
2025-10-28T16:22:39.988-05:00  INFO 25596 --- [Asistencia_Complete] [main] p.e.u.asistencia.AsistenciaApplication   : Starting AsistenciaApplication using Java 17.0.12 with PID 25596 (C:\Users\criss\Downloads\Asistencia_Complete_final_ready_commented\Asistencia_Complete_final_ready\Asistencia_Complete\target\classes started by criss in C:\Users\criss\Downloads\Asistencia_Complete_final_ready_commented\Asistencia_Complete_final_ready\Asistencia_Complete)
2025-10-28T16:22:39.990-05:00 DEBUG 25596 --- [Asistencia_Complete] [main] p.e.u.asistencia.AsistenciaApplication   : Running with Spring Boot v3.2.2, Spring v6.1.3
2025-10-28T16:22:39.991-05:00  INFO 25596 --- [Asistencia_Complete] [main] p.e.u.asistencia.AsistenciaApplication   : No active profile set, falling back to 1 default profile: "default"
2025-10-28T16:22:40.304-05:00  INFO 25596 --- [Asistencia_Complete] [main] .s.d.r.c.RepositoryConfigurationDelegate : Bootstrapping Spring Data JPA repositories in DEFAULT mode.
2025-10-28T16:22:40.322-05:00  INFO 25596 --- [Asistencia_Complete] [main] .s.d.r.c.RepositoryConfigurationDelegate : Finished Spring Data repository scanning in 11 ms. Found 0 JPA repository interfaces.
2025-10-28T16:22:40.558-05:00  INFO 25596 --- [Asistencia_Complete] [main] o.hibernate.jpa.internal.util.LogHelper  : HHH000204: Processing PersistenceUnitInfo [name: default]
2025-10-28T16:22:40.603-05:00  INFO 25596 --- [Asistencia_Complete] [main] org.hibernate.Version                    : HHH000412: Hibernate ORM core version 6.4.1.Final
2025-10-28T16:22:40.630-05:00  INFO 25596 --- [Asistencia_Complete] [main] o.h.c.internal.RegionFactoryInitiator    : HHH000026: Second-level cache disabled
2025-10-28T16:22:40.849-05:00  INFO 25596 --- [Asistencia_Complete] [main] o.s.o.j.p.SpringPersistenceUnitInfo      : No LoadTimeWeaver setup: ignoring JPA class transformer
2025-10-28T16:22:40.873-05:00  INFO 25596 --- [Asistencia_Complete] [main] com.zaxxer.hikari.HikariDataSource       : HikariPool-1 - Starting...
2025-10-28T16:22:40.955-05:00  INFO 25596 --- [Asistencia_Complete] [main] com.zaxxer.hikari.pool.HikariPool        : HikariPool-1 - Added connection org.sqlite.jdbc4.JDBC4Connection@51dae791
2025-10-28T16:22:40.958-05:00  INFO 25596 --- [Asistencia_Complete] [main] com.zaxxer.hikari.HikariDataSource       : HikariPool-1 - Start completed.
2025-10-28T16:22:41.211-05:00  INFO 25596 --- [Asistencia_Complete] [main] o.h.e.t.j.p.i.JtaPlatformInitiator       : HHH000489: No JTA platform available (set 'hibernate.transaction.jta.platform' to enable JTA platform integration)
2025-10-28T16:22:41.216-05:00  INFO 25596 --- [Asistencia_Complete] [main] j.LocalContainerEntityManagerFactoryBean : Initialized JPA EntityManagerFactory for persistence unit 'default'
2025-10-28T16:22:41.339-05:00  INFO 25596 --- [Asistencia_Complete] [main] p.e.u.asistencia.AsistenciaApplication   : Started AsistenciaApplication in 1.664 seconds (process running for 1.936)
2025-10-28T16:22:41.348-05:00  INFO 25596 --- [Asistencia_Complete] [SpringApplicationShutdownHook] j.LocalContainerEntityManagerFactoryBean : Closing JPA EntityManagerFactory for persistence unit 'default'
2025-10-28T16:22:41.351-05:00  INFO 25596 --- [Asistencia_Complete] [SpringApplicationShutdownHook] com.zaxxer.hikari.HikariDataSource       : HikariPool-1 - Shutdown initiated...
2025-10-28T16:22:41.353-05:00  INFO 25596 --- [Asistencia_Complete] [SpringApplicationShutdownHook] com.zaxxer.hikari.HikariDataSource       : HikariPool-1 - Shutdown completed.
2025-10-28T16:23:08.034-05:00  INFO 25792 --- [Asistencia_Complete] [main] p.e.u.asistencia.AsistenciaApplication   : Starting AsistenciaApplication using Java 17.0.12 with PID 25792 (C:\Users\criss\Downloads\Asistencia_Complete_final_ready_commented\Asistencia_Complete_final_ready\Asistencia_Complete\target\classes started by criss in C:\Users\criss\Downloads\Asistencia_Complete_final_ready_commented\Asistencia_Complete_final_ready\Asistencia_Complete)
2025-10-28T16:23:08.037-05:00 DEBUG 25792 --- [Asistencia_Complete] [main] p.e.u.asistencia.AsistenciaApplication   : Running with Spring Boot v3.2.2, Spring v6.1.3
2025-10-28T16:23:08.037-05:00  INFO 25792 --- [Asistencia_Complete] [main] p.e.u.asistencia.AsistenciaApplication   : No active profile set, falling back to 1 default profile: "default"
2025-10-28T16:23:08.506-05:00  INFO 25792 --- [Asistencia_Complete] [main] .s.d.r.c.RepositoryConfigurationDelegate : Bootstrapping Spring Data JPA repositories in DEFAULT mode.
2025-10-28T16:23:08.531-05:00  INFO 25792 --- [Asistencia_Complete] [main] .s.d.r.c.RepositoryConfigurationDelegate : Finished Spring Data repository scanning in 16 ms. Found 0 JPA repository interfaces.
2025-10-28T16:23:08.936-05:00  INFO 25792 --- [Asistencia_Complete] [main] o.hibernate.jpa.internal.util.LogHelper  : HHH000204: Processing PersistenceUnitInfo [name: default]
2025-10-28T16:23:09.020-05:00  INFO 25792 --- [Asistencia_Complete] [main] org.hibernate.Version                    : HHH000412: Hibernate ORM core version 6.4.1.Final
2025-10-28T16:23:09.064-05:00  INFO 25792 --- [Asistencia_Complete] [main] o.h.c.internal.RegionFactoryInitiator    : HHH000026: Second-level cache disabled
2025-10-28T16:23:09.382-05:00  INFO 25792 --- [Asistencia_Complete] [main] o.s.o.j.p.SpringPersistenceUnitInfo      : No LoadTimeWeaver setup: ignoring JPA class transformer
2025-10-28T16:23:09.419-05:00  INFO 25792 --- [Asistencia_Complete] [main] com.zaxxer.hikari.HikariDataSource       : HikariPool-1 - Starting...
2025-10-28T16:23:09.522-05:00  INFO 25792 --- [Asistencia_Complete] [main] com.zaxxer.hikari.pool.HikariPool        : HikariPool-1 - Added connection org.sqlite.jdbc4.JDBC4Connection@7d17ee50
2025-10-28T16:23:09.525-05:00  INFO 25792 --- [Asistencia_Complete] [main] com.zaxxer.hikari.HikariDataSource       : HikariPool-1 - Start completed.
2025-10-28T16:23:09.811-05:00  INFO 25792 --- [Asistencia_Complete] [main] o.h.e.t.j.p.i.JtaPlatformInitiator       : HHH000489: No JTA platform available (set 'hibernate.transaction.jta.platform' to enable JTA platform integration)
2025-10-28T16:23:09.816-05:00  INFO 25792 --- [Asistencia_Complete] [main] j.LocalContainerEntityManagerFactoryBean : Initialized JPA EntityManagerFactory for persistence unit 'default'
2025-10-28T16:23:10.011-05:00  INFO 25792 --- [Asistencia_Complete] [main] p.e.u.asistencia.AsistenciaApplication   : Started AsistenciaApplication in 2.359 seconds (process running for 2.76)
2025-10-28T16:23:10.025-05:00  INFO 25792 --- [Asistencia_Complete] [SpringApplicationShutdownHook] j.LocalContainerEntityManagerFactoryBean : Closing JPA EntityManagerFactory for persistence unit 'default'
2025-10-28T16:23:10.029-05:00  INFO 25792 --- [Asistencia_Complete] [SpringApplicationShutdownHook] com.zaxxer.hikari.HikariDataSource       : HikariPool-1 - Shutdown initiated...
2025-10-28T16:23:10.032-05:00  INFO 25792 --- [Asistencia_Complete] [SpringApplicationShutdownHook] com.zaxxer.hikari.HikariDataSource       : HikariPool-1 - Shutdown completed.
2025-10-28T17:07:00.562-05:00  INFO 29216 --- [Asistencia_Complete] [main] p.e.u.asistencia.AsistenciaApplication   : Starting AsistenciaApplication using Java 17.0.12 with PID 29216 (C:\Users\criss\Downloads\Asistencia_Complete_final_ready_commented\Asistencia_Complete_final_ready\Asistencia_Complete\target\classes started by criss in C:\Users\criss\Downloads\Asistencia_Complete_final_ready_commented\Asistencia_Complete_final_ready\Asistencia_Complete)
2025-10-28T17:07:00.565-05:00 DEBUG 29216 --- [Asistencia_Complete] [main] p.e.u.asistencia.AsistenciaApplication   : Running with Spring Boot v3.2.2, Spring v6.1.3
2025-10-28T17:07:00.566-05:00  INFO 29216 --- [Asistencia_Complete] [main] p.e.u.asistencia.AsistenciaApplication   : No active profile set, falling back to 1 default profile: "default"
2025-10-28T17:07:00.999-05:00  INFO 29216 --- [Asistencia_Complete] [main] .s.d.r.c.RepositoryConfigurationDelegate : Bootstrapping Spring Data JPA repositories in DEFAULT mode.
2025-10-28T17:07:01.050-05:00  INFO 29216 --- [Asistencia_Complete] [main] .s.d.r.c.RepositoryConfigurationDelegate : Finished Spring Data repository scanning in 45 ms. Found 1 JPA repository interface.
2025-10-28T17:07:01.358-05:00  INFO 29216 --- [Asistencia_Complete] [main] o.hibernate.jpa.internal.util.LogHelper  : HHH000204: Processing PersistenceUnitInfo [name: default]
2025-10-28T17:07:01.426-05:00  INFO 29216 --- [Asistencia_Complete] [main] org.hibernate.Version                    : HHH000412: Hibernate ORM core version 6.4.1.Final
2025-10-28T17:07:01.461-05:00  INFO 29216 --- [Asistencia_Complete] [main] o.h.c.internal.RegionFactoryInitiator    : HHH000026: Second-level cache disabled
2025-10-28T17:07:01.707-05:00  INFO 29216 --- [Asistencia_Complete] [main] o.s.o.j.p.SpringPersistenceUnitInfo      : No LoadTimeWeaver setup: ignoring JPA class transformer
2025-10-28T17:07:01.734-05:00  INFO 29216 --- [Asistencia_Complete] [main] com.zaxxer.hikari.HikariDataSource       : HikariPool-1 - Starting...
2025-10-28T17:07:01.798-05:00  INFO 29216 --- [Asistencia_Complete] [main] com.zaxxer.hikari.pool.HikariPool        : HikariPool-1 - Added connection org.sqlite.jdbc4.JDBC4Connection@75cf0de5
2025-10-28T17:07:01.800-05:00  INFO 29216 --- [Asistencia_Complete] [main] com.zaxxer.hikari.HikariDataSource       : HikariPool-1 - Start completed.
2025-10-28T17:07:02.513-05:00  INFO 29216 --- [Asistencia_Complete] [main] o.h.e.t.j.p.i.JtaPlatformInitiator       : HHH000489: No JTA platform available (set 'hibernate.transaction.jta.platform' to enable JTA platform integration)
2025-10-28T17:07:02.560-05:00  INFO 29216 --- [Asistencia_Complete] [main] j.LocalContainerEntityManagerFactoryBean : Initialized JPA EntityManagerFactory for persistence unit 'default'
2025-10-28T17:07:02.906-05:00  INFO 29216 --- [Asistencia_Complete] [main] p.e.u.asistencia.AsistenciaApplication   : Started AsistenciaApplication in 2.787 seconds (process running for 3.414)
2025-10-28T17:07:02.924-05:00  WARN 29216 --- [Asistencia_Complete] [JavaFX-Launcher] javafx                                   : Unsupported JavaFX configuration: classes were loaded from 'unnamed module @62379589'
2025-10-28T17:07:03.709-05:00  INFO 29216 --- [Asistencia_Complete] [SpringApplicationShutdownHook] j.LocalContainerEntityManagerFactoryBean : Closing JPA EntityManagerFactory for persistence unit 'default'
2025-10-28T17:07:03.712-05:00  INFO 29216 --- [Asistencia_Complete] [SpringApplicationShutdownHook] com.zaxxer.hikari.HikariDataSource       : HikariPool-1 - Shutdown initiated...
2025-10-28T17:07:03.716-05:00  INFO 29216 --- [Asistencia_Complete] [SpringApplicationShutdownHook] com.zaxxer.hikari.HikariDataSource       : HikariPool-1 - Shutdown completed.
2025-10-28T21:54:47.986-05:00  INFO 35404 --- [Asistencia_Complete] [main] p.e.u.asistencia.AsistenciaApplication   : Starting AsistenciaApplication using Java 17.0.12 with PID 35404 (C:\Users\criss\Downloads\Asistencia_Complete_final_ready_commented\Asistencia_Complete_final_ready\Asistencia_Complete\target\classes started by criss in C:\Users\criss\Downloads\Asistencia_Complete_final_ready_commented\Asistencia_Complete_final_ready\Asistencia_Complete)
2025-10-28T21:54:47.989-05:00  INFO 35404 --- [Asistencia_Complete] [main] p.e.u.asistencia.AsistenciaApplication   : No active profile set, falling back to 1 default profile: "default"
2025-10-28T21:54:48.355-05:00  INFO 35404 --- [Asistencia_Complete] [main] .s.d.r.c.RepositoryConfigurationDelegate : Bootstrapping Spring Data JPA repositories in DEFAULT mode.
2025-10-28T21:54:48.413-05:00  INFO 35404 --- [Asistencia_Complete] [main] .s.d.r.c.RepositoryConfigurationDelegate : Finished Spring Data repository scanning in 51 ms. Found 5 JPA repository interfaces.
2025-10-28T21:54:48.690-05:00  INFO 35404 --- [Asistencia_Complete] [main] o.hibernate.jpa.internal.util.LogHelper  : HHH000204: Processing PersistenceUnitInfo [name: default]
2025-10-28T21:54:48.762-05:00  INFO 35404 --- [Asistencia_Complete] [main] org.hibernate.Version                    : HHH000412: Hibernate ORM core version 6.4.1.Final
2025-10-28T21:54:48.799-05:00  INFO 35404 --- [Asistencia_Complete] [main] o.h.c.internal.RegionFactoryInitiator    : HHH000026: Second-level cache disabled
2025-10-28T21:54:49.049-05:00  INFO 35404 --- [Asistencia_Complete] [main] o.s.o.j.p.SpringPersistenceUnitInfo      : No LoadTimeWeaver setup: ignoring JPA class transformer
2025-10-28T21:54:49.076-05:00  INFO 35404 --- [Asistencia_Complete] [main] com.zaxxer.hikari.HikariDataSource       : HikariPool-1 - Starting...
2025-10-28T21:54:49.142-05:00  INFO 35404 --- [Asistencia_Complete] [main] com.zaxxer.hikari.pool.HikariPool        : HikariPool-1 - Added connection org.sqlite.jdbc4.JDBC4Connection@7bc6935c
2025-10-28T21:54:49.143-05:00  INFO 35404 --- [Asistencia_Complete] [main] com.zaxxer.hikari.HikariDataSource       : HikariPool-1 - Start completed.
2025-10-28T21:54:49.909-05:00  INFO 35404 --- [Asistencia_Complete] [main] o.h.e.t.j.p.i.JtaPlatformInitiator       : HHH000489: No JTA platform available (set 'hibernate.transaction.jta.platform' to enable JTA platform integration)
2025-10-28T21:54:49.973-05:00  INFO 35404 --- [Asistencia_Complete] [main] j.LocalContainerEntityManagerFactoryBean : Initialized JPA EntityManagerFactory for persistence unit 'default'
2025-10-28T21:54:50.388-05:00  INFO 35404 --- [Asistencia_Complete] [main] p.e.u.asistencia.AsistenciaApplication   : Started AsistenciaApplication in 2.804 seconds (process running for 3.388)
2025-10-28T21:54:50.405-05:00  WARN 35404 --- [Asistencia_Complete] [JavaFX-Launcher] javafx                                   : Unsupported JavaFX configuration: classes were loaded from 'unnamed module @38425407'
2025-10-28T21:54:51.367-05:00  INFO 35404 --- [Asistencia_Complete] [JavaFX Application Thread] j.LocalContainerEntityManagerFactoryBean : Closing JPA EntityManagerFactory for persistence unit 'default'
2025-10-28T21:54:51.369-05:00  INFO 35404 --- [Asistencia_Complete] [JavaFX Application Thread] com.zaxxer.hikari.HikariDataSource       : HikariPool-1 - Shutdown initiated...
2025-10-28T21:54:51.372-05:00  INFO 35404 --- [Asistencia_Complete] [JavaFX Application Thread] com.zaxxer.hikari.HikariDataSource       : HikariPool-1 - Shutdown completed.
2025-10-28T21:57:53.154-05:00  INFO 4620 --- [Asistencia_Complete] [main] p.e.u.asistencia.AsistenciaApplication   : Starting AsistenciaApplication using Java 17.0.12 with PID 4620 (C:\Users\criss\Downloads\Asistencia_Complete_final_ready_commented\Asistencia_Complete_final_ready\Asistencia_Complete\target\classes started by criss in C:\Users\criss\Downloads\Asistencia_Complete_final_ready_commented\Asistencia_Complete_final_ready\Asistencia_Complete)
2025-10-28T21:57:53.157-05:00  INFO 4620 --- [Asistencia_Complete] [main] p.e.u.asistencia.AsistenciaApplication   : No active profile set, falling back to 1 default profile: "default"
2025-10-28T21:57:53.576-05:00  INFO 4620 --- [Asistencia_Complete] [main] .s.d.r.c.RepositoryConfigurationDelegate : Bootstrapping Spring Data JPA repositories in DEFAULT mode.
2025-10-28T21:57:53.635-05:00  INFO 4620 --- [Asistencia_Complete] [main] .s.d.r.c.RepositoryConfigurationDelegate : Finished Spring Data repository scanning in 51 ms. Found 5 JPA repository interfaces.
2025-10-28T21:57:53.902-05:00  INFO 4620 --- [Asistencia_Complete] [main] o.hibernate.jpa.internal.util.LogHelper  : HHH000204: Processing PersistenceUnitInfo [name: default]
2025-10-28T21:57:53.969-05:00  INFO 4620 --- [Asistencia_Complete] [main] org.hibernate.Version                    : HHH000412: Hibernate ORM core version 6.4.1.Final
2025-10-28T21:57:54.003-05:00  INFO 4620 --- [Asistencia_Complete] [main] o.h.c.internal.RegionFactoryInitiator    : HHH000026: Second-level cache disabled
2025-10-28T21:57:54.240-05:00  INFO 4620 --- [Asistencia_Complete] [main] o.s.o.j.p.SpringPersistenceUnitInfo      : No LoadTimeWeaver setup: ignoring JPA class transformer
2025-10-28T21:57:54.269-05:00  INFO 4620 --- [Asistencia_Complete] [main] com.zaxxer.hikari.HikariDataSource       : HikariPool-1 - Starting...
2025-10-28T21:57:54.329-05:00  INFO 4620 --- [Asistencia_Complete] [main] com.zaxxer.hikari.pool.HikariPool        : HikariPool-1 - Added connection org.sqlite.jdbc4.JDBC4Connection@7ccfdaef
2025-10-28T21:57:54.332-05:00  INFO 4620 --- [Asistencia_Complete] [main] com.zaxxer.hikari.HikariDataSource       : HikariPool-1 - Start completed.
2025-10-28T21:57:55.096-05:00  INFO 4620 --- [Asistencia_Complete] [main] o.h.e.t.j.p.i.JtaPlatformInitiator       : HHH000489: No JTA platform available (set 'hibernate.transaction.jta.platform' to enable JTA platform integration)
2025-10-28T21:57:55.129-05:00  INFO 4620 --- [Asistencia_Complete] [main] j.LocalContainerEntityManagerFactoryBean : Initialized JPA EntityManagerFactory for persistence unit 'default'
2025-10-28T21:57:55.546-05:00  INFO 4620 --- [Asistencia_Complete] [main] p.e.u.asistencia.AsistenciaApplication   : Started AsistenciaApplication in 2.815 seconds (process running for 3.404)
2025-10-28T21:57:55.561-05:00  WARN 4620 --- [Asistencia_Complete] [JavaFX-Launcher] javafx                                   : Unsupported JavaFX configuration: classes were loaded from 'unnamed module @38425407'
2025-10-28T22:30:29.253-05:00  INFO 36016 --- [Asistencia_Complete] [main] p.e.u.asistencia.AsistenciaApplication   : Starting AsistenciaApplication using Java 17.0.12 with PID 36016 (C:\Users\criss\Downloads\Asistencia_Complete_final_ready_commented\Asistencia_Complete_final_ready\Asistencia_Complete\target\classes started by criss in C:\Users\criss\Downloads\Asistencia_Complete_final_ready_commented\Asistencia_Complete_final_ready\Asistencia_Complete)
2025-10-28T22:30:29.255-05:00  INFO 36016 --- [Asistencia_Complete] [main] p.e.u.asistencia.AsistenciaApplication   : No active profile set, falling back to 1 default profile: "default"
2025-10-28T22:30:29.706-05:00  INFO 36016 --- [Asistencia_Complete] [main] .s.d.r.c.RepositoryConfigurationDelegate : Bootstrapping Spring Data JPA repositories in DEFAULT mode.
2025-10-28T22:30:29.783-05:00  INFO 36016 --- [Asistencia_Complete] [main] .s.d.r.c.RepositoryConfigurationDelegate : Finished Spring Data repository scanning in 67 ms. Found 5 JPA repository interfaces.
2025-10-28T22:30:30.134-05:00  INFO 36016 --- [Asistencia_Complete] [main] o.hibernate.jpa.internal.util.LogHelper  : HHH000204: Processing PersistenceUnitInfo [name: default]
2025-10-28T22:30:30.207-05:00  INFO 36016 --- [Asistencia_Complete] [main] org.hibernate.Version                    : HHH000412: Hibernate ORM core version 6.4.1.Final
2025-10-28T22:30:30.248-05:00  INFO 36016 --- [Asistencia_Complete] [main] o.h.c.internal.RegionFactoryInitiator    : HHH000026: Second-level cache disabled
2025-10-28T22:30:30.516-05:00  INFO 36016 --- [Asistencia_Complete] [main] o.s.o.j.p.SpringPersistenceUnitInfo      : No LoadTimeWeaver setup: ignoring JPA class transformer
2025-10-28T22:30:30.546-05:00  INFO 36016 --- [Asistencia_Complete] [main] com.zaxxer.hikari.HikariDataSource       : HikariPool-1 - Starting...
2025-10-28T22:30:30.623-05:00  INFO 36016 --- [Asistencia_Complete] [main] com.zaxxer.hikari.pool.HikariPool        : HikariPool-1 - Added connection org.sqlite.jdbc4.JDBC4Connection@3513c84c
2025-10-28T22:30:30.625-05:00  INFO 36016 --- [Asistencia_Complete] [main] com.zaxxer.hikari.HikariDataSource       : HikariPool-1 - Start completed.
2025-10-28T22:30:31.516-05:00  INFO 36016 --- [Asistencia_Complete] [main] o.h.e.t.j.p.i.JtaPlatformInitiator       : HHH000489: No JTA platform available (set 'hibernate.transaction.jta.platform' to enable JTA platform integration)
2025-10-28T22:30:31.602-05:00  INFO 36016 --- [Asistencia_Complete] [main] j.LocalContainerEntityManagerFactoryBean : Initialized JPA EntityManagerFactory for persistence unit 'default'
2025-10-28T22:30:32.120-05:00  INFO 36016 --- [Asistencia_Complete] [main] p.e.u.asistencia.AsistenciaApplication   : Started AsistenciaApplication in 3.323 seconds (process running for 4.023)
2025-10-28T22:30:32.147-05:00  WARN 36016 --- [Asistencia_Complete] [JavaFX-Launcher] javafx                                   : Unsupported JavaFX configuration: classes were loaded from 'unnamed module @38425407'
2025-10-28T22:30:46.387-05:00  INFO 36016 --- [Asistencia_Complete] [JavaFX Application Thread] j.LocalContainerEntityManagerFactoryBean : Closing JPA EntityManagerFactory for persistence unit 'default'
2025-10-28T22:30:46.391-05:00  INFO 36016 --- [Asistencia_Complete] [JavaFX Application Thread] com.zaxxer.hikari.HikariDataSource       : HikariPool-1 - Shutdown initiated...
2025-10-28T22:30:46.394-05:00  INFO 36016 --- [Asistencia_Complete] [JavaFX Application Thread] com.zaxxer.hikari.HikariDataSource       : HikariPool-1 - Shutdown completed.
2025-10-28T22:32:22.529-05:00  INFO 35668 --- [Asistencia_Complete] [main] p.e.u.asistencia.AsistenciaApplication   : Starting AsistenciaApplication using Java 17.0.12 with PID 35668 (C:\Users\criss\Downloads\Asistencia_Complete_final_ready_commented\Asistencia_Complete_final_ready\Asistencia_Complete\target\classes started by criss in C:\Users\criss\Downloads\Asistencia_Complete_final_ready_commented\Asistencia_Complete_final_ready\Asistencia_Complete)
2025-10-28T22:32:22.533-05:00  INFO 35668 --- [Asistencia_Complete] [main] p.e.u.asistencia.AsistenciaApplication   : No active profile set, falling back to 1 default profile: "default"
2025-10-28T22:32:22.894-05:00  INFO 35668 --- [Asistencia_Complete] [main] .s.d.r.c.RepositoryConfigurationDelegate : Bootstrapping Spring Data JPA repositories in DEFAULT mode.
2025-10-28T22:32:22.944-05:00  INFO 35668 --- [Asistencia_Complete] [main] .s.d.r.c.RepositoryConfigurationDelegate : Finished Spring Data repository scanning in 45 ms. Found 5 JPA repository interfaces.
2025-10-28T22:32:23.194-05:00  INFO 35668 --- [Asistencia_Complete] [main] o.hibernate.jpa.internal.util.LogHelper  : HHH000204: Processing PersistenceUnitInfo [name: default]
2025-10-28T22:32:23.242-05:00  INFO 35668 --- [Asistencia_Complete] [main] org.hibernate.Version                    : HHH000412: Hibernate ORM core version 6.4.1.Final
2025-10-28T22:32:23.269-05:00  INFO 35668 --- [Asistencia_Complete] [main] o.h.c.internal.RegionFactoryInitiator    : HHH000026: Second-level cache disabled
2025-10-28T22:32:23.460-05:00  INFO 35668 --- [Asistencia_Complete] [main] o.s.o.j.p.SpringPersistenceUnitInfo      : No LoadTimeWeaver setup: ignoring JPA class transformer
2025-10-28T22:32:23.482-05:00  INFO 35668 --- [Asistencia_Complete] [main] com.zaxxer.hikari.HikariDataSource       : HikariPool-1 - Starting...
2025-10-28T22:32:23.544-05:00  INFO 35668 --- [Asistencia_Complete] [main] com.zaxxer.hikari.pool.HikariPool        : HikariPool-1 - Added connection org.sqlite.jdbc4.JDBC4Connection@1ba467c2
2025-10-28T22:32:23.546-05:00  INFO 35668 --- [Asistencia_Complete] [main] com.zaxxer.hikari.HikariDataSource       : HikariPool-1 - Start completed.
2025-10-28T22:32:24.229-05:00  INFO 35668 --- [Asistencia_Complete] [main] o.h.e.t.j.p.i.JtaPlatformInitiator       : HHH000489: No JTA platform available (set 'hibernate.transaction.jta.platform' to enable JTA platform integration)
2025-10-28T22:32:24.257-05:00  INFO 35668 --- [Asistencia_Complete] [main] j.LocalContainerEntityManagerFactoryBean : Initialized JPA EntityManagerFactory for persistence unit 'default'
2025-10-28T22:32:24.622-05:00  INFO 35668 --- [Asistencia_Complete] [main] p.e.u.asistencia.AsistenciaApplication   : Started AsistenciaApplication in 2.502 seconds (process running for 3.045)
2025-10-28T22:32:24.635-05:00  WARN 35668 --- [Asistencia_Complete] [JavaFX-Launcher] javafx                                   : Unsupported JavaFX configuration: classes were loaded from 'unnamed module @38425407'
2025-10-28T22:32:43.516-05:00  INFO 35668 --- [Asistencia_Complete] [JavaFX Application Thread] j.LocalContainerEntityManagerFactoryBean : Closing JPA EntityManagerFactory for persistence unit 'default'
2025-10-28T22:32:43.520-05:00  INFO 35668 --- [Asistencia_Complete] [JavaFX Application Thread] com.zaxxer.hikari.HikariDataSource       : HikariPool-1 - Shutdown initiated...
2025-10-28T22:32:43.524-05:00  INFO 35668 --- [Asistencia_Complete] [JavaFX Application Thread] com.zaxxer.hikari.HikariDataSource       : HikariPool-1 - Shutdown completed.
2025-10-28T22:46:28.473-05:00  INFO 3956 --- [Asistencia_Complete] [main] p.e.u.asistencia.AsistenciaApplication   : Starting AsistenciaApplication using Java 17.0.12 with PID 3956 (C:\Users\criss\Downloads\Asistencia_Complete_final_ready_commented\Asistencia_Complete_final_ready\Asistencia_Complete\target\classes started by criss in C:\Users\criss\Downloads\Asistencia_Complete_final_ready_commented\Asistencia_Complete_final_ready\Asistencia_Complete)
2025-10-28T22:46:28.476-05:00  INFO 3956 --- [Asistencia_Complete] [main] p.e.u.asistencia.AsistenciaApplication   : No active profile set, falling back to 1 default profile: "default"
2025-10-28T22:46:28.893-05:00  INFO 3956 --- [Asistencia_Complete] [main] .s.d.r.c.RepositoryConfigurationDelegate : Bootstrapping Spring Data JPA repositories in DEFAULT mode.
2025-10-28T22:46:28.956-05:00  INFO 3956 --- [Asistencia_Complete] [main] .s.d.r.c.RepositoryConfigurationDelegate : Finished Spring Data repository scanning in 55 ms. Found 5 JPA repository interfaces.
2025-10-28T22:46:29.310-05:00  INFO 3956 --- [Asistencia_Complete] [main] o.hibernate.jpa.internal.util.LogHelper  : HHH000204: Processing PersistenceUnitInfo [name: default]
2025-10-28T22:46:29.383-05:00  INFO 3956 --- [Asistencia_Complete] [main] org.hibernate.Version                    : HHH000412: Hibernate ORM core version 6.4.1.Final
2025-10-28T22:46:29.419-05:00  INFO 3956 --- [Asistencia_Complete] [main] o.h.c.internal.RegionFactoryInitiator    : HHH000026: Second-level cache disabled
2025-10-28T22:46:29.665-05:00  INFO 3956 --- [Asistencia_Complete] [main] o.s.o.j.p.SpringPersistenceUnitInfo      : No LoadTimeWeaver setup: ignoring JPA class transformer
2025-10-28T22:46:29.693-05:00  INFO 3956 --- [Asistencia_Complete] [main] com.zaxxer.hikari.HikariDataSource       : HikariPool-1 - Starting...
2025-10-28T22:46:29.764-05:00  INFO 3956 --- [Asistencia_Complete] [main] com.zaxxer.hikari.pool.HikariPool        : HikariPool-1 - Added connection org.sqlite.jdbc4.JDBC4Connection@7bc6935c
2025-10-28T22:46:29.766-05:00  INFO 3956 --- [Asistencia_Complete] [main] com.zaxxer.hikari.HikariDataSource       : HikariPool-1 - Start completed.
2025-10-28T22:46:30.530-05:00  INFO 3956 --- [Asistencia_Complete] [main] o.h.e.t.j.p.i.JtaPlatformInitiator       : HHH000489: No JTA platform available (set 'hibernate.transaction.jta.platform' to enable JTA platform integration)
2025-10-28T22:46:30.606-05:00  INFO 3956 --- [Asistencia_Complete] [main] j.LocalContainerEntityManagerFactoryBean : Initialized JPA EntityManagerFactory for persistence unit 'default'
2025-10-28T22:46:31.296-05:00  INFO 3956 --- [Asistencia_Complete] [main] p.e.u.asistencia.AsistenciaApplication   : Started AsistenciaApplication in 3.206 seconds (process running for 3.796)
2025-10-28T22:46:31.319-05:00  WARN 3956 --- [Asistencia_Complete] [JavaFX-Launcher] javafx                                   : Unsupported JavaFX configuration: classes were loaded from 'unnamed module @38425407'
2025-10-28T22:46:39.436-05:00  INFO 3956 --- [Asistencia_Complete] [JavaFX Application Thread] j.LocalContainerEntityManagerFactoryBean : Closing JPA EntityManagerFactory for persistence unit 'default'
2025-10-28T22:46:39.438-05:00  INFO 3956 --- [Asistencia_Complete] [JavaFX Application Thread] com.zaxxer.hikari.HikariDataSource       : HikariPool-1 - Shutdown initiated...
2025-10-28T22:46:39.442-05:00  INFO 3956 --- [Asistencia_Complete] [JavaFX Application Thread] com.zaxxer.hikari.HikariDataSource       : HikariPool-1 - Shutdown completed.
2025-10-28T22:48:48.510-05:00  INFO 23392 --- [Asistencia_Complete] [main] p.e.u.asistencia.AsistenciaApplication   : Starting AsistenciaApplication using Java 17.0.12 with PID 23392 (C:\Users\criss\Downloads\Asistencia_Complete_final_ready_commented\Asistencia_Complete_final_ready\Asistencia_Complete\target\classes started by criss in C:\Users\criss\Downloads\Asistencia_Complete_final_ready_commented\Asistencia_Complete_final_ready\Asistencia_Complete)
2025-10-28T22:48:48.514-05:00  INFO 23392 --- [Asistencia_Complete] [main] p.e.u.asistencia.AsistenciaApplication   : No active profile set, falling back to 1 default profile: "default"
2025-10-28T22:48:48.873-05:00  INFO 23392 --- [Asistencia_Complete] [main] .s.d.r.c.RepositoryConfigurationDelegate : Bootstrapping Spring Data JPA repositories in DEFAULT mode.
2025-10-28T22:48:48.930-05:00  INFO 23392 --- [Asistencia_Complete] [main] .s.d.r.c.RepositoryConfigurationDelegate : Finished Spring Data repository scanning in 49 ms. Found 5 JPA repository interfaces.
2025-10-28T22:48:49.204-05:00  INFO 23392 --- [Asistencia_Complete] [main] o.hibernate.jpa.internal.util.LogHelper  : HHH000204: Processing PersistenceUnitInfo [name: default]
2025-10-28T22:48:49.272-05:00  INFO 23392 --- [Asistencia_Complete] [main] org.hibernate.Version                    : HHH000412: Hibernate ORM core version 6.4.1.Final
2025-10-28T22:48:49.307-05:00  INFO 23392 --- [Asistencia_Complete] [main] o.h.c.internal.RegionFactoryInitiator    : HHH000026: Second-level cache disabled
2025-10-28T22:48:49.548-05:00  INFO 23392 --- [Asistencia_Complete] [main] o.s.o.j.p.SpringPersistenceUnitInfo      : No LoadTimeWeaver setup: ignoring JPA class transformer
2025-10-28T22:48:49.575-05:00  INFO 23392 --- [Asistencia_Complete] [main] com.zaxxer.hikari.HikariDataSource       : HikariPool-1 - Starting...
2025-10-28T22:48:49.643-05:00  INFO 23392 --- [Asistencia_Complete] [main] com.zaxxer.hikari.pool.HikariPool        : HikariPool-1 - Added connection org.sqlite.jdbc4.JDBC4Connection@7ef8eda7
2025-10-28T22:48:49.644-05:00  INFO 23392 --- [Asistencia_Complete] [main] com.zaxxer.hikari.HikariDataSource       : HikariPool-1 - Start completed.
2025-10-28T22:48:50.396-05:00  INFO 23392 --- [Asistencia_Complete] [main] o.h.e.t.j.p.i.JtaPlatformInitiator       : HHH000489: No JTA platform available (set 'hibernate.transaction.jta.platform' to enable JTA platform integration)
2025-10-28T22:48:50.474-05:00  INFO 23392 --- [Asistencia_Complete] [main] j.LocalContainerEntityManagerFactoryBean : Initialized JPA EntityManagerFactory for persistence unit 'default'
2025-10-28T22:48:51.143-05:00  INFO 23392 --- [Asistencia_Complete] [main] p.e.u.asistencia.AsistenciaApplication   : Started AsistenciaApplication in 2.993 seconds (process running for 3.567)
2025-10-28T22:48:51.163-05:00  WARN 23392 --- [Asistencia_Complete] [JavaFX-Launcher] javafx                                   : Unsupported JavaFX configuration: classes were loaded from 'unnamed module @38425407'
2025-10-28T22:52:44.812-05:00  INFO 23392 --- [Asistencia_Complete] [SpringApplicationShutdownHook] j.LocalContainerEntityManagerFactoryBean : Closing JPA EntityManagerFactory for persistence unit 'default'
2025-10-28T22:52:44.834-05:00  INFO 23392 --- [Asistencia_Complete] [SpringApplicationShutdownHook] com.zaxxer.hikari.HikariDataSource       : HikariPool-1 - Shutdown initiated...
2025-10-28T22:52:44.847-05:00  INFO 23392 --- [Asistencia_Complete] [SpringApplicationShutdownHook] com.zaxxer.hikari.HikariDataSource       : HikariPool-1 - Shutdown completed.
2025-10-28T22:52:46.866-05:00  INFO 20924 --- [Asistencia_Complete] [main] p.e.u.asistencia.AsistenciaApplication   : Starting AsistenciaApplication using Java 17.0.12 with PID 20924 (C:\Users\criss\Downloads\Asistencia_Complete_final_ready_commented\Asistencia_Complete_final_ready\Asistencia_Complete\target\classes started by criss in C:\Users\criss\Downloads\Asistencia_Complete_final_ready_commented\Asistencia_Complete_final_ready\Asistencia_Complete)
2025-10-28T22:52:46.868-05:00  INFO 20924 --- [Asistencia_Complete] [main] p.e.u.asistencia.AsistenciaApplication   : No active profile set, falling back to 1 default profile: "default"
2025-10-28T22:52:47.227-05:00  INFO 20924 --- [Asistencia_Complete] [main] .s.d.r.c.RepositoryConfigurationDelegate : Bootstrapping Spring Data JPA repositories in DEFAULT mode.
2025-10-28T22:52:47.281-05:00  INFO 20924 --- [Asistencia_Complete] [main] .s.d.r.c.RepositoryConfigurationDelegate : Finished Spring Data repository scanning in 49 ms. Found 5 JPA repository interfaces.
2025-10-28T22:52:47.545-05:00  INFO 20924 --- [Asistencia_Complete] [main] o.hibernate.jpa.internal.util.LogHelper  : HHH000204: Processing PersistenceUnitInfo [name: default]
2025-10-28T22:52:47.611-05:00  INFO 20924 --- [Asistencia_Complete] [main] org.hibernate.Version                    : HHH000412: Hibernate ORM core version 6.4.1.Final
2025-10-28T22:52:47.645-05:00  INFO 20924 --- [Asistencia_Complete] [main] o.h.c.internal.RegionFactoryInitiator    : HHH000026: Second-level cache disabled
2025-10-28T22:52:47.889-05:00  INFO 20924 --- [Asistencia_Complete] [main] o.s.o.j.p.SpringPersistenceUnitInfo      : No LoadTimeWeaver setup: ignoring JPA class transformer
2025-10-28T22:52:47.917-05:00  INFO 20924 --- [Asistencia_Complete] [main] com.zaxxer.hikari.HikariDataSource       : HikariPool-1 - Starting...
2025-10-28T22:52:47.985-05:00  INFO 20924 --- [Asistencia_Complete] [main] com.zaxxer.hikari.pool.HikariPool        : HikariPool-1 - Added connection org.sqlite.jdbc4.JDBC4Connection@7066363
2025-10-28T22:52:47.987-05:00  INFO 20924 --- [Asistencia_Complete] [main] com.zaxxer.hikari.HikariDataSource       : HikariPool-1 - Start completed.
2025-10-28T22:52:48.762-05:00  INFO 20924 --- [Asistencia_Complete] [main] o.h.e.t.j.p.i.JtaPlatformInitiator       : HHH000489: No JTA platform available (set 'hibernate.transaction.jta.platform' to enable JTA platform integration)
2025-10-28T22:52:48.789-05:00  INFO 20924 --- [Asistencia_Complete] [main] j.LocalContainerEntityManagerFactoryBean : Initialized JPA EntityManagerFactory for persistence unit 'default'
2025-10-28T22:52:49.387-05:00  INFO 20924 --- [Asistencia_Complete] [main] p.e.u.asistencia.AsistenciaApplication   : Started AsistenciaApplication in 2.921 seconds (process running for 3.536)
2025-10-28T22:52:49.405-05:00  WARN 20924 --- [Asistencia_Complete] [JavaFX-Launcher] javafx                                   : Unsupported JavaFX configuration: classes were loaded from 'unnamed module @38425407'
2025-10-28T22:53:47.089-05:00  INFO 20924 --- [Asistencia_Complete] [JavaFX Application Thread] j.LocalContainerEntityManagerFactoryBean : Closing JPA EntityManagerFactory for persistence unit 'default'
2025-10-28T22:53:47.093-05:00  INFO 20924 --- [Asistencia_Complete] [JavaFX Application Thread] com.zaxxer.hikari.HikariDataSource       : HikariPool-1 - Shutdown initiated...
2025-10-28T22:53:47.097-05:00  INFO 20924 --- [Asistencia_Complete] [JavaFX Application Thread] com.zaxxer.hikari.HikariDataSource       : HikariPool-1 - Shutdown completed.
